{"meta": {"format": 3, "version": "7.14.0", "timestamp": "2026-05-21T10:59:33.009094", "branch_coverage": false, "show_contexts": false}, "files": {"packages/adapter-ollama/src/harness/adapters/ollama/__init__.py": {"executed_lines": [11, 13, 14, 15, 17, 19, 29, 31, 34, 37, 49, 51, 59, 60, 61, 62, 68, 78, 86, 87, 89, 98, 107, 112, 113, 114, 115, 116, 117, 119, 120, 125, 126, 128, 129, 130, 131, 132, 133, 134, 135, 136, 139, 141, 144, 147, 148, 149, 150, 151, 152, 155, 156, 157, 160], "summary": {"covered_lines": 55, "num_statements": 59, "percent_covered": 93.22033898305085, "percent_covered_display": "93", "missing_lines": 4, "excluded_lines": 0, "percent_statements_covered": 93.22033898305085, "percent_statements_covered_display": "93"}, "missing_lines": [92, 140, 142, 145], "excluded_lines": [], "functions": {"OllamaAdapter.__init__": {"executed_lines": [59, 60, 61, 62], "summary": {"covered_lines": 4, "num_statements": 4, "percent_covered": 100.0, "percent_covered_display": "100", "missing_lines": 0, "excluded_lines": 0, "percent_statements_covered": 100.0, "percent_statements_covered_display": "100"}, "missing_lines": [], "excluded_lines": [], "start_line": 51}, "OllamaAdapter.stream": {"executed_lines": [78], "summary": {"covered_lines": 1, "num_statements": 1, "percent_covered": 100.0, "percent_covered_display": "100", "missing_lines": 0, "excluded_lines": 0, "percent_statements_covered": 100.0, "percent_statements_covered_display": "100"}, "missing_lines": [], "excluded_lines": [], "start_line": 68}, "OllamaAdapter.capabilities": {"executed_lines": [87], "summary": {"covered_lines": 1, "num_statements": 1, "percent_covered": 100.0, "percent_covered_display": "100", "missing_lines": 0, "excluded_lines": 0, "percent_statements_covered": 100.0, "percent_statements_covered_display": "100"}, "missing_lines": [], "excluded_lines": [], "start_line": 86}, "OllamaAdapter.cancel": {"executed_lines": [], "summary": {"covered_lines": 0, "num_statements": 1, "percent_covered": 0.0, "percent_covered_display": "0", "missing_lines": 1, "excluded_lines": 0, "percent_statements_covered": 0.0, "percent_statements_covered_display": "0"}, "missing_lines": [92], "excluded_lines": [], "start_line": 89}, "OllamaAdapter._stream": {"executed_lines": [107, 112, 113, 114, 115, 116, 117, 119, 120, 125, 126, 128, 129, 130, 131, 132, 133, 134, 135, 136, 139, 141, 144], "summary": {"covered_lines": 23, "num_statements": 26, "percent_covered": 88.46153846153847, "percent_covered_display": "88", "missing_lines": 3, "excluded_lines": 0, "percent_statements_covered": 88.46153846153847, "percent_statements_covered_display": "88"}, "missing_lines": [140, 142, 145], "excluded_lines": [], "start_line": 98}, "OllamaAdapter._raise_for_status": {"executed_lines": [148, 149, 150, 151, 152, 155, 156, 157], "summary": {"covered_lines": 8, "num_statements": 8, "percent_covered": 100.0, "percent_covered_display": "100", "missing_lines": 0, "excluded_lines": 0, "percent_statements_covered": 100.0, "percent_statements_covered_display": "100"}, "missing_lines": [], "excluded_lines": [], "start_line": 147}, "": {"executed_lines": [11, 13, 14, 15, 17, 19, 29, 31, 34, 37, 49, 51, 68, 86, 89, 98, 147, 160], "summary": {"covered_lines": 18, "num_statements": 18, "percent_covered": 100.0, "percent_covered_display": "100", "missing_lines": 0, "excluded_lines": 0, "percent_statements_covered": 100.0, "percent_statements_covered_display": "100"}, "missing_lines": [], "excluded_lines": [], "start_line": 1}}, "classes": {"OllamaAdapter": {"executed_lines": [59, 60, 61, 62, 78, 87, 107, 112, 113, 114, 115, 116, 117, 119, 120, 125, 126, 128, 129, 130, 131, 132, 133, 134, 135, 136, 139, 141, 144, 148, 149, 150, 151, 152, 155, 156, 157], "summary": {"covered_lines": 37, "num_statements": 41, "percent_covered": 90.2439024390244, "percent_covered_display": "90", "missing_lines": 4, "excluded_lines": 0, "percent_statements_covered": 90.2439024390244, "percent_statements_covered_display": "90"}, "missing_lines": [92, 140, 142, 145], "excluded_lines": [], "start_line": 37}, "": {"executed_lines": [11, 13, 14, 15, 17, 19, 29, 31, 34, 37, 49, 51, 68, 86, 89, 98, 147, 160], "summary": {"covered_lines": 18, "num_statements": 18, "percent_covered": 100.0, "percent_covered_display": "100", "missing_lines": 0, "excluded_lines": 0, "percent_statements_covered": 100.0, "percent_statements_covered_display": "100"}, "missing_lines": [], "excluded_lines": [], "start_line": 1}}}, "packages/adapter-openrouter/src/harness/adapters/openrouter/__init__.py": {"executed_lines": [16, 18, 19, 20, 22, 24, 35, 37, 40, 43, 57, 59, 69, 70, 71, 74, 75, 76, 77, 78, 79, 85, 95, 103, 108, 115, 124, 129, 131, 133, 136, 137, 141, 142, 143, 144, 146, 147, 149, 150, 151, 152, 153, 154, 155, 156, 157, 160, 162, 165, 168, 169, 170, 171, 172, 173, 174, 175, 176, 177, 178, 179, 180, 183], "summary": {"covered_lines": 64, "num_statements": 72, "percent_covered": 88.88888888888889, "percent_covered_display": "89", "missing_lines": 8, "excluded_lines": 0, "percent_statements_covered": 88.88888888888889, "percent_statements_covered_display": "89"}, "missing_lines": [106, 109, 130, 132, 134, 161, 163, 166], "excluded_lines": [], "functions": {"OpenRouterAdapter.__init__": {"executed_lines": [69, 70, 71, 74, 75, 76, 77, 78, 79], "summary": {"covered_lines": 9, "num_statements": 9, "percent_covered": 100.0, "percent_covered_display": "100", "missing_lines": 0, "excluded_lines": 0, "percent_statements_covered": 100.0, "percent_statements_covered_display": "100"}, "missing_lines": [], "excluded_lines": [], "start_line": 59}, "OpenRouterAdapter.stream": {"executed_lines": [95], "summary": {"covered_lines": 1, "num_statements": 1, "percent_covered": 100.0, "percent_covered_display": "100", "missing_lines": 0, "excluded_lines": 0, "percent_statements_covered": 100.0, "percent_statements_covered_display": "100"}, "missing_lines": [], "excluded_lines": [], "start_line": 85}, "OpenRouterAdapter.capabilities": {"executed_lines": [], "summary": {"covered_lines": 0, "num_statements": 1, "percent_covered": 0.0, "percent_covered_display": "0", "missing_lines": 1, "excluded_lines": 0, "percent_statements_covered": 0.0, "percent_statements_covered_display": "0"}, "missing_lines": [106], "excluded_lines": [], "start_line": 103}, "OpenRouterAdapter.cancel": {"executed_lines": [], "summary": {"covered_lines": 0, "num_statements": 1, "percent_covered": 0.0, "percent_covered_display": "0", "missing_lines": 1, "excluded_lines": 0, "percent_statements_covered": 0.0, "percent_statements_covered_display": "0"}, "missing_lines": [109], "excluded_lines": [], "start_line": 108}, "OpenRouterAdapter._stream": {"executed_lines": [124, 129, 131, 133, 136, 137, 141, 142, 143, 144, 146, 147, 149, 150, 151, 152, 153, 154, 155, 156, 157, 160, 162, 165], "summary": {"covered_lines": 24, "num_statements": 30, "percent_covered": 80.0, "percent_covered_display": "80", "missing_lines": 6, "excluded_lines": 0, "percent_statements_covered": 80.0, "percent_statements_covered_display": "80"}, "missing_lines": [130, 132, 134, 161, 163, 166], "excluded_lines": [], "start_line": 115}, "OpenRouterAdapter._raise_for_status": {"executed_lines": [169, 170, 171, 172, 173, 174, 175, 176, 177, 178, 179, 180], "summary": {"covered_lines": 12, "num_statements": 12, "percent_covered": 100.0, "percent_covered_display": "100", "missing_lines": 0, "excluded_lines": 0, "percent_statements_covered": 100.0, "percent_statements_covered_display": "100"}, "missing_lines": [], "excluded_lines": [], "start_line": 168}, "": {"executed_lines": [16, 18, 19, 20, 22, 24, 35, 37, 40, 43, 57, 59, 85, 103, 108, 115, 168, 183], "summary": {"covered_lines": 18, "num_statements": 18, "percent_covered": 100.0, "percent_covered_display": "100", "missing_lines": 0, "excluded_lines": 0, "percent_statements_covered": 100.0, "percent_statements_covered_display": "100"}, "missing_lines": [], "excluded_lines": [], "start_line": 1}}, "classes": {"OpenRouterAdapter": {"executed_lines": [69, 70, 71, 74, 75, 76, 77, 78, 79, 95, 124, 129, 131, 133, 136, 137, 141, 142, 143, 144, 146, 147, 149, 150, 151, 152, 153, 154, 155, 156, 157, 160, 162, 165, 169, 170, 171, 172, 173, 174, 175, 176, 177, 178, 179, 180], "summary": {"covered_lines": 46, "num_statements": 54, "percent_covered": 85.18518518518519, "percent_covered_display": "85", "missing_lines": 8, "excluded_lines": 0, "percent_statements_covered": 85.18518518518519, "percent_statements_covered_display": "85"}, "missing_lines": [106, 109, 130, 132, 134, 161, 163, 166], "excluded_lines": [], "start_line": 43}, "": {"executed_lines": [16, 18, 19, 20, 22, 24, 35, 37, 40, 43, 57, 59, 85, 103, 108, 115, 168, 183], "summary": {"covered_lines": 18, "num_statements": 18, "percent_covered": 100.0, "percent_covered_display": "100", "missing_lines": 0, "excluded_lines": 0, "percent_statements_covered": 100.0, "percent_statements_covered_display": "100"}, "missing_lines": [], "excluded_lines": [], "start_line": 1}}}, "packages/cli/src/harness/cli/__init__.py": {"executed_lines": [3], "summary": {"covered_lines": 1, "num_statements": 1, "percent_covered": 100.0, "percent_covered_display": "100", "missing_lines": 0, "excluded_lines": 0, "percent_statements_covered": 100.0, "percent_statements_covered_display": "100"}, "missing_lines": [], "excluded_lines": [], "functions": {"": {"executed_lines": [3], "summary": {"covered_lines": 1, "num_statements": 1, "percent_covered": 100.0, "percent_covered_display": "100", "missing_lines": 0, "excluded_lines": 0, "percent_statements_covered": 100.0, "percent_statements_covered_display": "100"}, "missing_lines": [], "excluded_lines": [], "start_line": 1}}, "classes": {"": {"executed_lines": [3], "summary": {"covered_lines": 1, "num_statements": 1, "percent_covered": 100.0, "percent_covered_display": "100", "missing_lines": 0, "excluded_lines": 0, "percent_statements_covered": 100.0, "percent_statements_covered_display": "100"}, "missing_lines": [], "excluded_lines": [], "start_line": 1}}}, "packages/cli/src/harness/cli/__main__.py": {"executed_lines": [23, 25, 26, 27, 28, 29, 31, 32, 33, 34, 35, 37, 38, 39, 40, 41, 69, 70, 71, 78, 79, 86, 87, 89, 96, 99, 101, 104, 106, 107, 109, 112, 114, 119, 121, 126, 128, 130, 138, 139, 140, 141, 144, 145, 146, 147, 148, 149, 150, 158, 159, 160, 161, 162, 163, 164, 165, 166, 167, 170, 174, 175, 176, 177, 178, 184, 187, 211, 213, 217, 218, 219, 220, 222, 223, 226, 227, 228, 229, 230, 232, 234, 235, 257, 265, 266, 267, 268, 269, 270, 271, 272, 273, 274, 275, 276, 279, 286, 287, 288, 290, 291, 294, 295, 296, 307, 308, 310, 312, 320, 321, 402, 404, 405, 406, 408, 409, 410, 411, 413, 414, 433, 438, 456, 457, 460, 462, 463, 466, 481, 486, 487, 488, 489, 490, 492, 493, 494, 499, 500, 508, 509, 523, 524, 525, 526, 528, 529, 531, 532, 533, 535, 536, 537, 538, 539, 540, 541, 542, 543, 551, 553, 556, 557, 564, 565, 566, 567, 569, 570, 572, 573, 574, 575, 577, 580, 581, 621, 623, 625, 626, 627, 628, 629, 633, 634, 637, 638, 643, 657, 658, 659, 664, 665, 667, 670, 671, 678, 682, 683, 684, 685, 687, 688, 690, 691, 699, 700, 704, 705, 706, 707, 708, 710, 711, 714, 720, 721, 722, 723, 724, 725, 726, 728, 730, 732, 735, 736, 741, 742, 743, 744, 746, 747, 748, 749, 750, 751, 752, 753, 754, 755, 756, 757, 758, 759, 763, 767, 769, 777, 778, 786, 787, 788, 789, 791, 792, 793, 794, 795, 796, 797, 798, 803, 811, 815, 816, 819, 820, 823, 824, 845, 846, 848, 849, 850, 851, 852, 853, 854, 855, 856, 857, 858, 860, 869, 870, 876, 878, 879, 881, 882, 885, 886, 897, 898, 899, 900, 901, 903, 904, 906, 907, 908, 909, 911, 912, 913, 914, 915, 916, 917, 918, 925, 928, 929, 936, 937, 938, 939, 940, 941, 942, 943, 944, 945, 947, 948, 950, 951, 952, 953, 954, 957, 958, 973, 974, 975, 976, 977, 978, 979, 980, 981, 982, 983, 984, 985, 987, 988, 989, 990, 991, 992, 993, 998, 999, 1000, 1001, 1002, 1003, 1005, 1006, 1008, 1009, 1010, 1011, 1012, 1015, 1016, 1032, 1033, 1034, 1035, 1036, 1037, 1039, 1040, 1043, 1044, 1045, 1046, 1052, 1054, 1055, 1057, 1058, 1061, 1064, 1065, 1072, 1076, 1077, 1078, 1079, 1080, 1081, 1083, 1084, 1090, 1092, 1093, 1095, 1098, 1106, 1107, 1123, 1124, 1125, 1126, 1127, 1128, 1134, 1141, 1142, 1144, 1145, 1146, 1147, 1149, 1150, 1151, 1152, 1153, 1154, 1155, 1156, 1157, 1165, 1168, 1169, 1176, 1177, 1178, 1179, 1180, 1182, 1183, 1185, 1186, 1187, 1188, 1192, 1193, 1200, 1201, 1202, 1203, 1204, 1206, 1207, 1209, 1210, 1211, 1212, 1213, 1220, 1221, 1228, 1229, 1230, 1231, 1232, 1234, 1235, 1237, 1238, 1241, 1249, 1250, 1274, 1275, 1276, 1277, 1278, 1279, 1280, 1281, 1282, 1283, 1284, 1285, 1292, 1293, 1295, 1296, 1297, 1298, 1299, 1301, 1302, 1303, 1304, 1306, 1307, 1308, 1309, 1310, 1311, 1312, 1313, 1314, 1315, 1316, 1317, 1318, 1319, 1323, 1331, 1339, 1340, 1384, 1385, 1386, 1387, 1388, 1389, 1393, 1394, 1417, 1434, 1436, 1437, 1438, 1439, 1440, 1441, 1443, 1445, 1446, 1449, 1464, 1466, 1467, 1469, 1478, 1480, 1481, 1482, 1490, 1493, 1494, 1497, 1498, 1499, 1501, 1502, 1503, 1509, 1511, 1512, 1513, 1514, 1516, 1519, 1525, 1529, 1537, 1539, 1541, 1542, 1543, 1545, 1546, 1547, 1549, 1550, 1551, 1552, 1553, 1554, 1555, 1556, 1557, 1558, 1560, 1561, 1562, 1565, 1569, 1571, 1572, 1580, 1581, 1582, 1583, 1584, 1585, 1589, 1590, 1591, 1592, 1593, 1594, 1595, 1596, 1597, 1598, 1599, 1600, 1601, 1602, 1603, 1604, 1605, 1608, 1609, 1616, 1618, 1619, 1620, 1621, 1623, 1624, 1625, 1626, 1627, 1628, 1629, 1632, 1639, 1640, 1654, 1664, 1665, 1666, 1669, 1676, 1677, 1678, 1681, 1711, 1721, 1722, 1723, 1726, 1728, 1733, 1734, 1735, 1736, 1737, 1738, 1739, 1741, 1742, 1744, 1745, 1746, 1748, 1749, 1757, 1758, 1763, 1772, 1773, 1774, 1775, 1776, 1777, 1779, 1780, 1783, 1784, 1785, 1787, 1788, 1789, 1790, 1798, 1799, 1800, 1801, 1802, 1805, 1806, 1807, 1808, 1811], "summary": {"covered_lines": 679, "num_statements": 763, "percent_covered": 88.9908256880734, "percent_covered_display": "89", "missing_lines": 84, "excluded_lines": 0, "percent_statements_covered": 88.9908256880734, "percent_statements_covered_display": "89"}, "missing_lines": [155, 182, 183, 212, 214, 289, 297, 298, 299, 434, 435, 495, 496, 497, 630, 631, 660, 661, 662, 679, 680, 727, 729, 986, 1038, 1041, 1042, 1059, 1060, 1073, 1074, 1082, 1096, 1097, 1129, 1130, 1131, 1132, 1133, 1189, 1239, 1240, 1390, 1391, 1412, 1413, 1414, 1468, 1483, 1484, 1485, 1486, 1487, 1488, 1491, 1510, 1520, 1521, 1522, 1523, 1526, 1563, 1622, 1682, 1687, 1688, 1689, 1690, 1691, 1692, 1695, 1696, 1697, 1699, 1700, 1702, 1778, 1786, 1791, 1792, 1793, 1794, 1795, 1812], "excluded_lines": [], "functions": {"_build_storage": {"executed_lines": [139, 140, 141], "summary": {"covered_lines": 3, "num_statements": 3, "percent_covered": 100.0, "percent_covered_display": "100", "missing_lines": 0, "excluded_lines": 0, "percent_statements_covered": 100.0, "percent_statements_covered_display": "100"}, "missing_lines": [], "excluded_lines": [], "start_line": 138}, "_build_adapter": {"executed_lines": [145, 146, 147, 148, 149, 150], "summary": {"covered_lines": 6, "num_statements": 7, "percent_covered": 85.71428571428571, "percent_covered_display": "86", "missing_lines": 1, "excluded_lines": 0, "percent_statements_covered": 85.71428571428571, "percent_statements_covered_display": "86"}, "missing_lines": [155], "excluded_lines": [], "start_line": 144}, "_build_tools": {"executed_lines": [159, 160, 161, 162, 163, 164, 165, 166, 167], "summary": {"covered_lines": 9, "num_statements": 9, "percent_covered": 100.0, "percent_covered_display": "100", "missing_lines": 0, "excluded_lines": 0, "percent_statements_covered": 100.0, "percent_statements_covered_display": "100"}, "missing_lines": [], "excluded_lines": [], "start_line": 158}, "_build_verifier": {"executed_lines": [174, 175, 176, 177, 178, 184], "summary": {"covered_lines": 6, "num_statements": 8, "percent_covered": 75.0, "percent_covered_display": "75", "missing_lines": 2, "excluded_lines": 0, "percent_statements_covered": 75.0, "percent_statements_covered_display": "75"}, "missing_lines": [182, 183], "excluded_lines": [], "start_line": 170}, "_build_agent": {"executed_lines": [211, 213, 217, 218, 219, 220, 222, 223, 226, 227, 228, 229, 230, 232, 234, 235], "summary": {"covered_lines": 16, "num_statements": 18, "percent_covered": 88.88888888888889, "percent_covered_display": "89", "missing_lines": 2, "excluded_lines": 0, "percent_statements_covered": 88.88888888888889, "percent_statements_covered_display": "89"}, "missing_lines": [212, 214], "excluded_lines": [], "start_line": 187}, "_resolve_task_attachment": {"executed_lines": [265, 266, 267, 268, 269, 270, 271, 272, 273, 274, 275, 276], "summary": {"covered_lines": 12, "num_statements": 12, "percent_covered": 100.0, "percent_covered_display": "100", "missing_lines": 0, "excluded_lines": 0, "percent_statements_covered": 100.0, "percent_statements_covered_display": "100"}, "missing_lines": [], "excluded_lines": [], "start_line": 257}, "_resolve_chain": {"executed_lines": [286, 287, 288, 290, 291], "summary": {"covered_lines": 5, "num_statements": 6, "percent_covered": 83.33333333333333, "percent_covered_display": "83", "missing_lines": 1, "excluded_lines": 0, "percent_statements_covered": 83.33333333333333, "percent_statements_covered_display": "83"}, "missing_lines": [289], "excluded_lines": [], "start_line": 279}, "_load_cli_config": {"executed_lines": [295, 296], "summary": {"covered_lines": 2, "num_statements": 5, "percent_covered": 40.0, "percent_covered_display": "40", "missing_lines": 3, "excluded_lines": 0, "percent_statements_covered": 40.0, "percent_statements_covered_display": "40"}, "missing_lines": [297, 298, 299], "excluded_lines": [], "start_line": 294}, "version": {"executed_lines": [310, 312], "summary": {"covered_lines": 2, "num_statements": 2, "percent_covered": 100.0, "percent_covered_display": "100", "missing_lines": 0, "excluded_lines": 0, "percent_statements_covered": 100.0, "percent_statements_covered_display": "100"}, "missing_lines": [], "excluded_lines": [], "start_line": 308}, "run": {"executed_lines": [402, 404, 405, 406, 408, 409, 410, 411, 413, 414, 433], "summary": {"covered_lines": 11, "num_statements": 13, "percent_covered": 84.61538461538461, "percent_covered_display": "85", "missing_lines": 2, "excluded_lines": 0, "percent_statements_covered": 84.61538461538461, "percent_statements_covered_display": "85"}, "missing_lines": [434, 435], "excluded_lines": [], "start_line": 321}, "_run_once": {"executed_lines": [456, 457, 460, 462, 463, 466, 481, 486, 487, 488, 489, 490, 492, 493, 494, 499, 500], "summary": {"covered_lines": 17, "num_statements": 20, "percent_covered": 85.0, "percent_covered_display": "85", "missing_lines": 3, "excluded_lines": 0, "percent_statements_covered": 85.0, "percent_statements_covered_display": "85"}, "missing_lines": [495, 496, 497], "excluded_lines": [], "start_line": 438}, "sessions_list": {"executed_lines": [523, 553], "summary": {"covered_lines": 2, "num_statements": 2, "percent_covered": 100.0, "percent_covered_display": "100", "missing_lines": 0, "excluded_lines": 0, "percent_statements_covered": 100.0, "percent_statements_covered_display": "100"}, "missing_lines": [], "excluded_lines": [], "start_line": 509}, "sessions_list._go": {"executed_lines": [524, 525, 526, 528, 529, 531, 532, 533, 535, 536, 537, 538, 539, 540, 541, 542, 543, 551], "summary": {"covered_lines": 18, "num_statements": 18, "percent_covered": 100.0, "percent_covered_display": "100", "missing_lines": 0, "excluded_lines": 0, "percent_statements_covered": 100.0, "percent_statements_covered_display": "100"}, "missing_lines": [], "excluded_lines": [], "start_line": 523}, "sessions_show": {"executed_lines": [564, 577], "summary": {"covered_lines": 2, "num_statements": 2, "percent_covered": 100.0, "percent_covered_display": "100", "missing_lines": 0, "excluded_lines": 0, "percent_statements_covered": 100.0, "percent_statements_covered_display": "100"}, "missing_lines": [], "excluded_lines": [], "start_line": 557}, "sessions_show._go": {"executed_lines": [565, 566, 567, 569, 570, 572, 573, 574, 575], "summary": {"covered_lines": 9, "num_statements": 9, "percent_covered": 100.0, "percent_covered_display": "100", "missing_lines": 0, "excluded_lines": 0, "percent_statements_covered": 100.0, "percent_statements_covered_display": "100"}, "missing_lines": [], "excluded_lines": [], "start_line": 564}, "sessions_resume": {"executed_lines": [621, 623, 625, 667], "summary": {"covered_lines": 4, "num_statements": 4, "percent_covered": 100.0, "percent_covered_display": "100", "missing_lines": 0, "excluded_lines": 0, "percent_statements_covered": 100.0, "percent_statements_covered_display": "100"}, "missing_lines": [], "excluded_lines": [], "start_line": 581}, "sessions_resume._go": {"executed_lines": [626, 627, 628, 629, 633, 634, 637, 638, 643, 657, 658, 659, 664, 665], "summary": {"covered_lines": 14, "num_statements": 19, "percent_covered": 73.6842105263158, "percent_covered_display": "74", "missing_lines": 5, "excluded_lines": 0, "percent_statements_covered": 73.6842105263158, "percent_statements_covered_display": "74"}, "missing_lines": [630, 631, 660, 661, 662], "excluded_lines": [], "start_line": 625}, "sessions_rm": {"executed_lines": [678, 682, 690, 691], "summary": {"covered_lines": 4, "num_statements": 6, "percent_covered": 66.66666666666667, "percent_covered_display": "67", "missing_lines": 2, "excluded_lines": 0, "percent_statements_covered": 66.66666666666667, "percent_statements_covered_display": "67"}, "missing_lines": [679, 680], "excluded_lines": [], "start_line": 671}, "sessions_rm._go": {"executed_lines": [683, 684, 685, 687, 688], "summary": {"covered_lines": 5, "num_statements": 5, "percent_covered": 100.0, "percent_covered_display": "100", "missing_lines": 0, "excluded_lines": 0, "percent_statements_covered": 100.0, "percent_statements_covered_display": "100"}, "missing_lines": [], "excluded_lines": [], "start_line": 682}, "providers_list_cmd": {"executed_lines": [704, 705, 706, 707, 708, 710, 711, 714, 720, 721, 722, 723, 724, 725, 726, 728, 730, 732], "summary": {"covered_lines": 18, "num_statements": 20, "percent_covered": 90.0, "percent_covered_display": "90", "missing_lines": 2, "excluded_lines": 0, "percent_statements_covered": 90.0, "percent_statements_covered_display": "90"}, "missing_lines": [727, 729], "excluded_lines": [], "start_line": 700}, "providers_capabilities_cmd": {"executed_lines": [741, 742, 743, 744, 746, 769], "summary": {"covered_lines": 6, "num_statements": 6, "percent_covered": 100.0, "percent_covered_display": "100", "missing_lines": 0, "excluded_lines": 0, "percent_statements_covered": 100.0, "percent_statements_covered_display": "100"}, "missing_lines": [], "excluded_lines": [], "start_line": 736}, "providers_capabilities_cmd._go": {"executed_lines": [747, 748, 749, 750, 751, 752, 753, 754, 755, 756, 757, 758, 759, 763, 767], "summary": {"covered_lines": 15, "num_statements": 15, "percent_covered": 100.0, "percent_covered_display": "100", "missing_lines": 0, "excluded_lines": 0, "percent_statements_covered": 100.0, "percent_statements_covered_display": "100"}, "missing_lines": [], "excluded_lines": [], "start_line": 746}, "tools_list_cmd": {"executed_lines": [786, 787, 788, 789, 791, 792, 793, 794, 795, 796, 797, 798, 803], "summary": {"covered_lines": 13, "num_statements": 13, "percent_covered": 100.0, "percent_covered_display": "100", "missing_lines": 0, "excluded_lines": 0, "percent_statements_covered": 100.0, "percent_statements_covered_display": "100"}, "missing_lines": [], "excluded_lines": [], "start_line": 778}, "_append_task_activity": {"executed_lines": [815, 816], "summary": {"covered_lines": 2, "num_statements": 2, "percent_covered": 100.0, "percent_covered_display": "100", "missing_lines": 0, "excluded_lines": 0, "percent_statements_covered": 100.0, "percent_statements_covered_display": "100"}, "missing_lines": [], "excluded_lines": [], "start_line": 811}, "_close_if_sqlite": {"executed_lines": [820], "summary": {"covered_lines": 1, "num_statements": 1, "percent_covered": 100.0, "percent_covered_display": "100", "missing_lines": 0, "excluded_lines": 0, "percent_statements_covered": 100.0, "percent_statements_covered_display": "100"}, "missing_lines": [], "excluded_lines": [], "start_line": 819}, "tasks_new_cmd": {"executed_lines": [845, 846, 848, 881, 882], "summary": {"covered_lines": 5, "num_statements": 5, "percent_covered": 100.0, "percent_covered_display": "100", "missing_lines": 0, "excluded_lines": 0, "percent_statements_covered": 100.0, "percent_statements_covered_display": "100"}, "missing_lines": [], "excluded_lines": [], "start_line": 824}, "tasks_new_cmd._go": {"executed_lines": [849, 850, 851, 852, 853, 854, 855, 856, 857, 858, 860, 869, 870, 876, 878, 879], "summary": {"covered_lines": 16, "num_statements": 16, "percent_covered": 100.0, "percent_covered_display": "100", "missing_lines": 0, "excluded_lines": 0, "percent_statements_covered": 100.0, "percent_statements_covered_display": "100"}, "missing_lines": [], "excluded_lines": [], "start_line": 848}, "tasks_list_cmd": {"executed_lines": [897, 906, 907, 908, 909, 911, 912, 913, 914, 915, 916, 917, 918, 925], "summary": {"covered_lines": 14, "num_statements": 14, "percent_covered": 100.0, "percent_covered_display": "100", "missing_lines": 0, "excluded_lines": 0, "percent_statements_covered": 100.0, "percent_statements_covered_display": "100"}, "missing_lines": [], "excluded_lines": [], "start_line": 886}, "tasks_list_cmd._go": {"executed_lines": [898, 899, 900, 901, 903, 904], "summary": {"covered_lines": 6, "num_statements": 6, "percent_covered": 100.0, "percent_covered_display": "100", "missing_lines": 0, "excluded_lines": 0, "percent_statements_covered": 100.0, "percent_statements_covered_display": "100"}, "missing_lines": [], "excluded_lines": [], "start_line": 897}, "tasks_show_cmd": {"executed_lines": [936, 950, 951, 952, 953, 954], "summary": {"covered_lines": 6, "num_statements": 6, "percent_covered": 100.0, "percent_covered_display": "100", "missing_lines": 0, "excluded_lines": 0, "percent_statements_covered": 100.0, "percent_statements_covered_display": "100"}, "missing_lines": [], "excluded_lines": [], "start_line": 929}, "tasks_show_cmd._go": {"executed_lines": [937, 938, 939, 940, 941, 942, 943, 944, 945, 947, 948], "summary": {"covered_lines": 11, "num_statements": 11, "percent_covered": 100.0, "percent_covered_display": "100", "missing_lines": 0, "excluded_lines": 0, "percent_statements_covered": 100.0, "percent_statements_covered_display": "100"}, "missing_lines": [], "excluded_lines": [], "start_line": 936}, "tasks_update_cmd": {"executed_lines": [973, 1008, 1009, 1010, 1011, 1012], "summary": {"covered_lines": 6, "num_statements": 6, "percent_covered": 100.0, "percent_covered_display": "100", "missing_lines": 0, "excluded_lines": 0, "percent_statements_covered": 100.0, "percent_statements_covered_display": "100"}, "missing_lines": [], "excluded_lines": [], "start_line": 958}, "tasks_update_cmd._go": {"executed_lines": [974, 975, 976, 977, 978, 979, 980, 981, 982, 983, 984, 985, 987, 988, 989, 990, 991, 992, 993, 998, 999, 1000, 1001, 1002, 1003, 1005, 1006], "summary": {"covered_lines": 27, "num_statements": 28, "percent_covered": 96.42857142857143, "percent_covered_display": "96", "missing_lines": 1, "excluded_lines": 0, "percent_statements_covered": 96.42857142857143, "percent_statements_covered_display": "96"}, "missing_lines": [986], "excluded_lines": [], "start_line": 973}, "tasks_link_cmd": {"executed_lines": [1032, 1057, 1058, 1061], "summary": {"covered_lines": 4, "num_statements": 6, "percent_covered": 66.66666666666667, "percent_covered_display": "67", "missing_lines": 2, "excluded_lines": 0, "percent_statements_covered": 66.66666666666667, "percent_statements_covered_display": "67"}, "missing_lines": [1059, 1060], "excluded_lines": [], "start_line": 1016}, "tasks_link_cmd._go": {"executed_lines": [1033, 1034, 1035, 1036, 1037, 1039, 1040, 1043, 1044, 1045, 1046, 1052, 1054, 1055], "summary": {"covered_lines": 14, "num_statements": 17, "percent_covered": 82.3529411764706, "percent_covered_display": "82", "missing_lines": 3, "excluded_lines": 0, "percent_statements_covered": 82.3529411764706, "percent_statements_covered_display": "82"}, "missing_lines": [1038, 1041, 1042], "excluded_lines": [], "start_line": 1032}, "tasks_rm_cmd": {"executed_lines": [1072, 1076, 1095, 1098], "summary": {"covered_lines": 4, "num_statements": 8, "percent_covered": 50.0, "percent_covered_display": "50", "missing_lines": 4, "excluded_lines": 0, "percent_statements_covered": 50.0, "percent_statements_covered_display": "50"}, "missing_lines": [1073, 1074, 1096, 1097], "excluded_lines": [], "start_line": 1065}, "tasks_rm_cmd._go": {"executed_lines": [1077, 1078, 1079, 1080, 1081, 1083, 1084, 1090, 1092, 1093], "summary": {"covered_lines": 10, "num_statements": 11, "percent_covered": 90.9090909090909, "percent_covered_display": "91", "missing_lines": 1, "excluded_lines": 0, "percent_statements_covered": 90.9090909090909, "percent_statements_covered_display": "91"}, "missing_lines": [1082], "excluded_lines": [], "start_line": 1076}, "approvals_list_cmd": {"executed_lines": [1123, 1144, 1145, 1146, 1147, 1149, 1150, 1151, 1152, 1153, 1154, 1155, 1156, 1157, 1165], "summary": {"covered_lines": 15, "num_statements": 15, "percent_covered": 100.0, "percent_covered_display": "100", "missing_lines": 0, "excluded_lines": 0, "percent_statements_covered": 100.0, "percent_statements_covered_display": "100"}, "missing_lines": [], "excluded_lines": [], "start_line": 1107}, "approvals_list_cmd._go": {"executed_lines": [1124, 1125, 1126, 1127, 1128, 1134, 1141, 1142], "summary": {"covered_lines": 8, "num_statements": 13, "percent_covered": 61.53846153846154, "percent_covered_display": "62", "missing_lines": 5, "excluded_lines": 0, "percent_statements_covered": 61.53846153846154, "percent_statements_covered_display": "62"}, "missing_lines": [1129, 1130, 1131, 1132, 1133], "excluded_lines": [], "start_line": 1123}, "approvals_show_cmd": {"executed_lines": [1176, 1185, 1186, 1187, 1188], "summary": {"covered_lines": 5, "num_statements": 6, "percent_covered": 83.33333333333333, "percent_covered_display": "83", "missing_lines": 1, "excluded_lines": 0, "percent_statements_covered": 83.33333333333333, "percent_statements_covered_display": "83"}, "missing_lines": [1189], "excluded_lines": [], "start_line": 1169}, "approvals_show_cmd._go": {"executed_lines": [1177, 1178, 1179, 1180, 1182, 1183], "summary": {"covered_lines": 6, "num_statements": 6, "percent_covered": 100.0, "percent_covered_display": "100", "missing_lines": 0, "excluded_lines": 0, "percent_statements_covered": 100.0, "percent_statements_covered_display": "100"}, "missing_lines": [], "excluded_lines": [], "start_line": 1176}, "approvals_grant_cmd": {"executed_lines": [1200, 1209, 1210, 1211, 1212, 1213], "summary": {"covered_lines": 6, "num_statements": 6, "percent_covered": 100.0, "percent_covered_display": "100", "missing_lines": 0, "excluded_lines": 0, "percent_statements_covered": 100.0, "percent_statements_covered_display": "100"}, "missing_lines": [], "excluded_lines": [], "start_line": 1193}, "approvals_grant_cmd._go": {"executed_lines": [1201, 1202, 1203, 1204, 1206, 1207], "summary": {"covered_lines": 6, "num_statements": 6, "percent_covered": 100.0, "percent_covered_display": "100", "missing_lines": 0, "excluded_lines": 0, "percent_statements_covered": 100.0, "percent_statements_covered_display": "100"}, "missing_lines": [], "excluded_lines": [], "start_line": 1200}, "approvals_deny_cmd": {"executed_lines": [1228, 1237, 1238, 1241], "summary": {"covered_lines": 4, "num_statements": 6, "percent_covered": 66.66666666666667, "percent_covered_display": "67", "missing_lines": 2, "excluded_lines": 0, "percent_statements_covered": 66.66666666666667, "percent_statements_covered_display": "67"}, "missing_lines": [1239, 1240], "excluded_lines": [], "start_line": 1221}, "approvals_deny_cmd._go": {"executed_lines": [1229, 1230, 1231, 1232, 1234, 1235], "summary": {"covered_lines": 6, "num_statements": 6, "percent_covered": 100.0, "percent_covered_display": "100", "missing_lines": 0, "excluded_lines": 0, "percent_statements_covered": 100.0, "percent_statements_covered_display": "100"}, "missing_lines": [], "excluded_lines": [], "start_line": 1228}, "evidence_list_cmd": {"executed_lines": [1274, 1301, 1302, 1303, 1304, 1306, 1307, 1308, 1309, 1310, 1311, 1312, 1313, 1314, 1315, 1316, 1317, 1318, 1319, 1323, 1331], "summary": {"covered_lines": 21, "num_statements": 21, "percent_covered": 100.0, "percent_covered_display": "100", "missing_lines": 0, "excluded_lines": 0, "percent_statements_covered": 100.0, "percent_statements_covered_display": "100"}, "missing_lines": [], "excluded_lines": [], "start_line": 1250}, "evidence_list_cmd._go": {"executed_lines": [1275, 1276, 1277, 1278, 1279, 1280, 1281, 1282, 1283, 1284, 1285, 1292, 1293, 1295, 1296, 1297, 1298, 1299], "summary": {"covered_lines": 18, "num_statements": 18, "percent_covered": 100.0, "percent_covered_display": "100", "missing_lines": 0, "excluded_lines": 0, "percent_statements_covered": 100.0, "percent_statements_covered_display": "100"}, "missing_lines": [], "excluded_lines": [], "start_line": 1274}, "chat": {"executed_lines": [1384, 1385, 1386, 1387, 1388, 1389, 1393, 1394], "summary": {"covered_lines": 8, "num_statements": 13, "percent_covered": 61.53846153846154, "percent_covered_display": "62", "missing_lines": 5, "excluded_lines": 0, "percent_statements_covered": 61.53846153846154, "percent_statements_covered_display": "62"}, "missing_lines": [1390, 1391, 1412, 1413, 1414], "excluded_lines": [], "start_line": 1340}, "_chat_loop": {"executed_lines": [1434, 1436, 1437, 1438, 1439, 1440, 1441, 1443, 1445, 1446, 1449, 1464, 1466, 1467, 1469, 1478, 1480, 1481, 1482, 1490, 1493, 1494, 1497, 1498, 1499, 1501, 1502, 1503, 1509, 1511, 1512, 1513, 1514, 1516, 1519, 1525], "summary": {"covered_lines": 36, "num_statements": 50, "percent_covered": 72.0, "percent_covered_display": "72", "missing_lines": 14, "excluded_lines": 0, "percent_statements_covered": 72.0, "percent_statements_covered_display": "72"}, "missing_lines": [1468, 1483, 1484, 1485, 1486, 1487, 1488, 1491, 1510, 1520, 1521, 1522, 1523, 1526], "excluded_lines": [], "start_line": 1417}, "_handle_slash": {"executed_lines": [1539, 1541, 1542, 1543, 1545, 1546, 1547, 1549, 1550, 1551, 1552, 1553, 1554, 1555, 1556, 1557, 1558, 1560, 1561, 1562, 1565, 1569, 1571, 1572], "summary": {"covered_lines": 24, "num_statements": 25, "percent_covered": 96.0, "percent_covered_display": "96", "missing_lines": 1, "excluded_lines": 0, "percent_statements_covered": 96.0, "percent_statements_covered_display": "96"}, "missing_lines": [1563], "excluded_lines": [], "start_line": 1537}, "_render": {"executed_lines": [1581, 1582, 1583, 1584, 1585, 1589, 1590, 1591, 1592, 1593, 1594, 1595, 1596, 1597, 1598, 1599, 1600, 1601, 1602, 1603, 1604, 1605], "summary": {"covered_lines": 22, "num_statements": 22, "percent_covered": 100.0, "percent_covered_display": "100", "missing_lines": 0, "excluded_lines": 0, "percent_statements_covered": 100.0, "percent_statements_covered_display": "100"}, "missing_lines": [], "excluded_lines": [], "start_line": 1580}, "_render_session": {"executed_lines": [1609, 1616, 1618, 1619, 1620, 1621, 1623, 1624, 1625, 1626, 1627, 1628, 1629, 1632, 1639, 1640], "summary": {"covered_lines": 16, "num_statements": 17, "percent_covered": 94.11764705882354, "percent_covered_display": "94", "missing_lines": 1, "excluded_lines": 0, "percent_statements_covered": 94.11764705882354, "percent_statements_covered_display": "94"}, "missing_lines": [1622], "excluded_lines": [], "start_line": 1608}, "_status_style": {"executed_lines": [1665, 1666], "summary": {"covered_lines": 2, "num_statements": 2, "percent_covered": 100.0, "percent_covered_display": "100", "missing_lines": 0, "excluded_lines": 0, "percent_statements_covered": 100.0, "percent_statements_covered_display": "100"}, "missing_lines": [], "excluded_lines": [], "start_line": 1664}, "_approval_status_style": {"executed_lines": [1677, 1678], "summary": {"covered_lines": 2, "num_statements": 2, "percent_covered": 100.0, "percent_covered_display": "100", "missing_lines": 0, "excluded_lines": 0, "percent_statements_covered": 100.0, "percent_statements_covered_display": "100"}, "missing_lines": [], "excluded_lines": [], "start_line": 1676}, "_render_approval": {"executed_lines": [], "summary": {"covered_lines": 0, "num_statements": 13, "percent_covered": 0.0, "percent_covered_display": "0", "missing_lines": 13, "excluded_lines": 0, "percent_statements_covered": 0.0, "percent_statements_covered_display": "0"}, "missing_lines": [1682, 1687, 1688, 1689, 1690, 1691, 1692, 1695, 1696, 1697, 1699, 1700, 1702], "excluded_lines": [], "start_line": 1681}, "_task_status_style": {"executed_lines": [1722, 1723], "summary": {"covered_lines": 2, "num_statements": 2, "percent_covered": 100.0, "percent_covered_display": "100", "missing_lines": 0, "excluded_lines": 0, "percent_statements_covered": 100.0, "percent_statements_covered_display": "100"}, "missing_lines": [], "excluded_lines": [], "start_line": 1721}, "_render_task": {"executed_lines": [1728, 1733, 1734, 1735, 1736, 1737, 1738, 1739, 1741, 1742, 1744, 1745, 1746, 1748, 1749, 1757, 1758, 1763], "summary": {"covered_lines": 18, "num_statements": 18, "percent_covered": 100.0, "percent_covered_display": "100", "missing_lines": 0, "excluded_lines": 0, "percent_statements_covered": 100.0, "percent_statements_covered_display": "100"}, "missing_lines": [], "excluded_lines": [], "start_line": 1726}, "_compact_event_data": {"executed_lines": [1773, 1774, 1775, 1776, 1777, 1779, 1780], "summary": {"covered_lines": 7, "num_statements": 8, "percent_covered": 87.5, "percent_covered_display": "88", "missing_lines": 1, "excluded_lines": 0, "percent_statements_covered": 87.5, "percent_statements_covered_display": "88"}, "missing_lines": [1778], "excluded_lines": [], "start_line": 1772}, "_ago": {"executed_lines": [1784, 1785, 1787, 1788, 1789, 1790], "summary": {"covered_lines": 6, "num_statements": 12, "percent_covered": 50.0, "percent_covered_display": "50", "missing_lines": 6, "excluded_lines": 0, "percent_statements_covered": 50.0, "percent_statements_covered_display": "50"}, "missing_lines": [1786, 1791, 1792, 1793, 1794, 1795], "excluded_lines": [], "start_line": 1783}, "_args_preview": {"executed_lines": [1799, 1800, 1801, 1802], "summary": {"covered_lines": 4, "num_statements": 4, "percent_covered": 100.0, "percent_covered_display": "100", "missing_lines": 0, "excluded_lines": 0, "percent_statements_covered": 100.0, "percent_statements_covered_display": "100"}, "missing_lines": [], "excluded_lines": [], "start_line": 1798}, "_truncate": {"executed_lines": [1806, 1807, 1808], "summary": {"covered_lines": 3, "num_statements": 3, "percent_covered": 100.0, "percent_covered_display": "100", "missing_lines": 0, "excluded_lines": 0, "percent_statements_covered": 100.0, "percent_statements_covered_display": "100"}, "missing_lines": [], "excluded_lines": [], "start_line": 1805}, "": {"executed_lines": [23, 25, 26, 27, 28, 29, 31, 32, 33, 34, 35, 37, 38, 39, 40, 41, 69, 70, 71, 78, 79, 86, 87, 89, 96, 99, 101, 104, 106, 107, 109, 112, 114, 119, 121, 126, 128, 130, 138, 144, 158, 170, 187, 257, 279, 294, 307, 308, 320, 321, 438, 508, 509, 556, 557, 580, 581, 670, 671, 699, 700, 735, 736, 777, 778, 811, 819, 823, 824, 885, 886, 928, 929, 957, 958, 1015, 1016, 1064, 1065, 1106, 1107, 1168, 1169, 1192, 1193, 1220, 1221, 1249, 1250, 1339, 1340, 1417, 1529, 1537, 1580, 1608, 1654, 1664, 1669, 1676, 1681, 1711, 1721, 1726, 1772, 1783, 1798, 1805, 1811], "summary": {"covered_lines": 109, "num_statements": 110, "percent_covered": 99.0909090909091, "percent_covered_display": "99", "missing_lines": 1, "excluded_lines": 0, "percent_statements_covered": 99.0909090909091, "percent_statements_covered_display": "99"}, "missing_lines": [1812], "excluded_lines": [], "start_line": 1}}, "classes": {"": {"executed_lines": [23, 25, 26, 27, 28, 29, 31, 32, 33, 34, 35, 37, 38, 39, 40, 41, 69, 70, 71, 78, 79, 86, 87, 89, 96, 99, 101, 104, 106, 107, 109, 112, 114, 119, 121, 126, 128, 130, 138, 139, 140, 141, 144, 145, 146, 147, 148, 149, 150, 158, 159, 160, 161, 162, 163, 164, 165, 166, 167, 170, 174, 175, 176, 177, 178, 184, 187, 211, 213, 217, 218, 219, 220, 222, 223, 226, 227, 228, 229, 230, 232, 234, 235, 257, 265, 266, 267, 268, 269, 270, 271, 272, 273, 274, 275, 276, 279, 286, 287, 288, 290, 291, 294, 295, 296, 307, 308, 310, 312, 320, 321, 402, 404, 405, 406, 408, 409, 410, 411, 413, 414, 433, 438, 456, 457, 460, 462, 463, 466, 481, 486, 487, 488, 489, 490, 492, 493, 494, 499, 500, 508, 509, 523, 524, 525, 526, 528, 529, 531, 532, 533, 535, 536, 537, 538, 539, 540, 541, 542, 543, 551, 553, 556, 557, 564, 565, 566, 567, 569, 570, 572, 573, 574, 575, 577, 580, 581, 621, 623, 625, 626, 627, 628, 629, 633, 634, 637, 638, 643, 657, 658, 659, 664, 665, 667, 670, 671, 678, 682, 683, 684, 685, 687, 688, 690, 691, 699, 700, 704, 705, 706, 707, 708, 710, 711, 714, 720, 721, 722, 723, 724, 725, 726, 728, 730, 732, 735, 736, 741, 742, 743, 744, 746, 747, 748, 749, 750, 751, 752, 753, 754, 755, 756, 757, 758, 759, 763, 767, 769, 777, 778, 786, 787, 788, 789, 791, 792, 793, 794, 795, 796, 797, 798, 803, 811, 815, 816, 819, 820, 823, 824, 845, 846, 848, 849, 850, 851, 852, 853, 854, 855, 856, 857, 858, 860, 869, 870, 876, 878, 879, 881, 882, 885, 886, 897, 898, 899, 900, 901, 903, 904, 906, 907, 908, 909, 911, 912, 913, 914, 915, 916, 917, 918, 925, 928, 929, 936, 937, 938, 939, 940, 941, 942, 943, 944, 945, 947, 948, 950, 951, 952, 953, 954, 957, 958, 973, 974, 975, 976, 977, 978, 979, 980, 981, 982, 983, 984, 985, 987, 988, 989, 990, 991, 992, 993, 998, 999, 1000, 1001, 1002, 1003, 1005, 1006, 1008, 1009, 1010, 1011, 1012, 1015, 1016, 1032, 1033, 1034, 1035, 1036, 1037, 1039, 1040, 1043, 1044, 1045, 1046, 1052, 1054, 1055, 1057, 1058, 1061, 1064, 1065, 1072, 1076, 1077, 1078, 1079, 1080, 1081, 1083, 1084, 1090, 1092, 1093, 1095, 1098, 1106, 1107, 1123, 1124, 1125, 1126, 1127, 1128, 1134, 1141, 1142, 1144, 1145, 1146, 1147, 1149, 1150, 1151, 1152, 1153, 1154, 1155, 1156, 1157, 1165, 1168, 1169, 1176, 1177, 1178, 1179, 1180, 1182, 1183, 1185, 1186, 1187, 1188, 1192, 1193, 1200, 1201, 1202, 1203, 1204, 1206, 1207, 1209, 1210, 1211, 1212, 1213, 1220, 1221, 1228, 1229, 1230, 1231, 1232, 1234, 1235, 1237, 1238, 1241, 1249, 1250, 1274, 1275, 1276, 1277, 1278, 1279, 1280, 1281, 1282, 1283, 1284, 1285, 1292, 1293, 1295, 1296, 1297, 1298, 1299, 1301, 1302, 1303, 1304, 1306, 1307, 1308, 1309, 1310, 1311, 1312, 1313, 1314, 1315, 1316, 1317, 1318, 1319, 1323, 1331, 1339, 1340, 1384, 1385, 1386, 1387, 1388, 1389, 1393, 1394, 1417, 1434, 1436, 1437, 1438, 1439, 1440, 1441, 1443, 1445, 1446, 1449, 1464, 1466, 1467, 1469, 1478, 1480, 1481, 1482, 1490, 1493, 1494, 1497, 1498, 1499, 1501, 1502, 1503, 1509, 1511, 1512, 1513, 1514, 1516, 1519, 1525, 1529, 1537, 1539, 1541, 1542, 1543, 1545, 1546, 1547, 1549, 1550, 1551, 1552, 1553, 1554, 1555, 1556, 1557, 1558, 1560, 1561, 1562, 1565, 1569, 1571, 1572, 1580, 1581, 1582, 1583, 1584, 1585, 1589, 1590, 1591, 1592, 1593, 1594, 1595, 1596, 1597, 1598, 1599, 1600, 1601, 1602, 1603, 1604, 1605, 1608, 1609, 1616, 1618, 1619, 1620, 1621, 1623, 1624, 1625, 1626, 1627, 1628, 1629, 1632, 1639, 1640, 1654, 1664, 1665, 1666, 1669, 1676, 1677, 1678, 1681, 1711, 1721, 1722, 1723, 1726, 1728, 1733, 1734, 1735, 1736, 1737, 1738, 1739, 1741, 1742, 1744, 1745, 1746, 1748, 1749, 1757, 1758, 1763, 1772, 1773, 1774, 1775, 1776, 1777, 1779, 1780, 1783, 1784, 1785, 1787, 1788, 1789, 1790, 1798, 1799, 1800, 1801, 1802, 1805, 1806, 1807, 1808, 1811], "summary": {"covered_lines": 679, "num_statements": 763, "percent_covered": 88.9908256880734, "percent_covered_display": "89", "missing_lines": 84, "excluded_lines": 0, "percent_statements_covered": 88.9908256880734, "percent_statements_covered_display": "89"}, "missing_lines": [155, 182, 183, 212, 214, 289, 297, 298, 299, 434, 435, 495, 496, 497, 630, 631, 660, 661, 662, 679, 680, 727, 729, 986, 1038, 1041, 1042, 1059, 1060, 1073, 1074, 1082, 1096, 1097, 1129, 1130, 1131, 1132, 1133, 1189, 1239, 1240, 1390, 1391, 1412, 1413, 1414, 1468, 1483, 1484, 1485, 1486, 1487, 1488, 1491, 1510, 1520, 1521, 1522, 1523, 1526, 1563, 1622, 1682, 1687, 1688, 1689, 1690, 1691, 1692, 1695, 1696, 1697, 1699, 1700, 1702, 1778, 1786, 1791, 1792, 1793, 1794, 1795, 1812], "excluded_lines": [], "start_line": 1}}}, "packages/cli/src/harness/cli/approval.py": {"executed_lines": [17, 19, 21, 22, 23, 25, 28, 37, 40, 41, 43, 75], "summary": {"covered_lines": 12, "num_statements": 31, "percent_covered": 38.70967741935484, "percent_covered_display": "39", "missing_lines": 19, "excluded_lines": 0, "percent_statements_covered": 38.70967741935484, "percent_statements_covered_display": "39"}, "missing_lines": [29, 30, 31, 32, 33, 34, 45, 46, 50, 52, 58, 60, 66, 67, 68, 69, 70, 71, 72], "excluded_lines": [], "functions": {"_args_preview": {"executed_lines": [], "summary": {"covered_lines": 0, "num_statements": 6, "percent_covered": 0.0, "percent_covered_display": "0", "missing_lines": 6, "excluded_lines": 0, "percent_statements_covered": 0.0, "percent_statements_covered_display": "0"}, "missing_lines": [29, 30, 31, 32, 33, 34], "excluded_lines": [], "start_line": 28}, "RichApprovalHandler.__init__": {"executed_lines": [41], "summary": {"covered_lines": 1, "num_statements": 1, "percent_covered": 100.0, "percent_covered_display": "100", "missing_lines": 0, "excluded_lines": 0, "percent_statements_covered": 100.0, "percent_statements_covered_display": "100"}, "missing_lines": [], "excluded_lines": [], "start_line": 40}, "RichApprovalHandler.__call__": {"executed_lines": [], "summary": {"covered_lines": 0, "num_statements": 13, "percent_covered": 0.0, "percent_covered_display": "0", "missing_lines": 13, "excluded_lines": 0, "percent_statements_covered": 0.0, "percent_statements_covered_display": "0"}, "missing_lines": [45, 46, 50, 52, 58, 60, 66, 67, 68, 69, 70, 71, 72], "excluded_lines": [], "start_line": 43}, "": {"executed_lines": [17, 19, 21, 22, 23, 25, 28, 37, 40, 43, 75], "summary": {"covered_lines": 11, "num_statements": 11, "percent_covered": 100.0, "percent_covered_display": "100", "missing_lines": 0, "excluded_lines": 0, "percent_statements_covered": 100.0, "percent_statements_covered_display": "100"}, "missing_lines": [], "excluded_lines": [], "start_line": 1}}, "classes": {"RichApprovalHandler": {"executed_lines": [41], "summary": {"covered_lines": 1, "num_statements": 14, "percent_covered": 7.142857142857143, "percent_covered_display": "7", "missing_lines": 13, "excluded_lines": 0, "percent_statements_covered": 7.142857142857143, "percent_statements_covered_display": "7"}, "missing_lines": [45, 46, 50, 52, 58, 60, 66, 67, 68, 69, 70, 71, 72], "excluded_lines": [], "start_line": 37}, "": {"executed_lines": [17, 19, 21, 22, 23, 25, 28, 37, 40, 43, 75], "summary": {"covered_lines": 11, "num_statements": 17, "percent_covered": 64.70588235294117, "percent_covered_display": "65", "missing_lines": 6, "excluded_lines": 0, "percent_statements_covered": 64.70588235294117, "percent_statements_covered_display": "65"}, "missing_lines": [29, 30, 31, 32, 33, 34], "excluded_lines": [], "start_line": 1}}}, "packages/cli/src/harness/cli/config.py": {"executed_lines": [33, 35, 36, 37, 38, 39, 41, 43, 46, 48, 49, 50, 53, 54, 61, 62, 63, 64, 66, 68, 71, 75, 77, 78, 79, 81, 82, 83, 84, 85, 89, 90, 93, 94, 95, 96, 97, 100, 101, 103, 104, 105, 106, 107, 109, 110, 112, 113, 114, 115, 118, 120, 128], "summary": {"covered_lines": 53, "num_statements": 59, "percent_covered": 89.83050847457628, "percent_covered_display": "90", "missing_lines": 6, "excluded_lines": 0, "percent_statements_covered": 89.83050847457628, "percent_statements_covered_display": "90"}, "missing_lines": [86, 87, 91, 98, 102, 111], "excluded_lines": [], "functions": {"default_config_path": {"executed_lines": [48, 49, 50], "summary": {"covered_lines": 3, "num_statements": 3, "percent_covered": 100.0, "percent_covered_display": "100", "missing_lines": 0, "excluded_lines": 0, "percent_statements_covered": 100.0, "percent_statements_covered_display": "100"}, "missing_lines": [], "excluded_lines": [], "start_line": 46}, "HarnessConfig.provider": {"executed_lines": [68], "summary": {"covered_lines": 1, "num_statements": 1, "percent_covered": 100.0, "percent_covered_display": "100", "missing_lines": 0, "excluded_lines": 0, "percent_statements_covered": 100.0, "percent_statements_covered_display": "100"}, "missing_lines": [], "excluded_lines": [], "start_line": 66}, "load_config": {"executed_lines": [77, 78, 79, 81, 82, 83, 84, 85, 89, 90, 93, 94, 95, 96, 97, 100, 101, 103, 104, 105, 106, 107, 109, 110, 112, 113, 114, 115, 118, 120], "summary": {"covered_lines": 30, "num_statements": 36, "percent_covered": 83.33333333333333, "percent_covered_display": "83", "missing_lines": 6, "excluded_lines": 0, "percent_statements_covered": 83.33333333333333, "percent_statements_covered_display": "83"}, "missing_lines": [86, 87, 91, 98, 102, 111], "excluded_lines": [], "start_line": 75}, "": {"executed_lines": [33, 35, 36, 37, 38, 39, 41, 43, 46, 53, 54, 61, 62, 63, 64, 66, 71, 75, 128], "summary": {"covered_lines": 19, "num_statements": 19, "percent_covered": 100.0, "percent_covered_display": "100", "missing_lines": 0, "excluded_lines": 0, "percent_statements_covered": 100.0, "percent_statements_covered_display": "100"}, "missing_lines": [], "excluded_lines": [], "start_line": 1}}, "classes": {"HarnessConfig": {"executed_lines": [68], "summary": {"covered_lines": 1, "num_statements": 1, "percent_covered": 100.0, "percent_covered_display": "100", "missing_lines": 0, "excluded_lines": 0, "percent_statements_covered": 100.0, "percent_statements_covered_display": "100"}, "missing_lines": [], "excluded_lines": [], "start_line": 54}, "ConfigError": {"executed_lines": [], "summary": {"covered_lines": 0, "num_statements": 0, "percent_covered": 100.0, "percent_covered_display": "100", "missing_lines": 0, "excluded_lines": 0, "percent_statements_covered": 100.0, "percent_statements_covered_display": "100"}, "missing_lines": [], "excluded_lines": [], "start_line": 71}, "": {"executed_lines": [33, 35, 36, 37, 38, 39, 41, 43, 46, 48, 49, 50, 53, 54, 61, 62, 63, 64, 66, 71, 75, 77, 78, 79, 81, 82, 83, 84, 85, 89, 90, 93, 94, 95, 96, 97, 100, 101, 103, 104, 105, 106, 107, 109, 110, 112, 113, 114, 115, 118, 120, 128], "summary": {"covered_lines": 52, "num_statements": 58, "percent_covered": 89.65517241379311, "percent_covered_display": "90", "missing_lines": 6, "excluded_lines": 0, "percent_statements_covered": 89.65517241379311, "percent_statements_covered_display": "90"}, "missing_lines": [86, 87, 91, 98, 102, 111], "excluded_lines": [], "start_line": 1}}}, "packages/core/src/harness/core/__init__.py": {"executed_lines": [3, 4, 5, 6, 12, 13, 25, 36, 37, 38, 39, 52, 53, 54, 64, 66, 68], "summary": {"covered_lines": 17, "num_statements": 17, "percent_covered": 100.0, "percent_covered_display": "100", "missing_lines": 0, "excluded_lines": 0, "percent_statements_covered": 100.0, "percent_statements_covered_display": "100"}, "missing_lines": [], "excluded_lines": [], "functions": {"": {"executed_lines": [3, 4, 5, 6, 12, 13, 25, 36, 37, 38, 39, 52, 53, 54, 64, 66, 68], "summary": {"covered_lines": 17, "num_statements": 17, "percent_covered": 100.0, "percent_covered_display": "100", "missing_lines": 0, "excluded_lines": 0, "percent_statements_covered": 100.0, "percent_statements_covered_display": "100"}, "missing_lines": [], "excluded_lines": [], "start_line": 1}}, "classes": {"": {"executed_lines": [3, 4, 5, 6, 12, 13, 25, 36, 37, 38, 39, 52, 53, 54, 64, 66, 68], "summary": {"covered_lines": 17, "num_statements": 17, "percent_covered": 100.0, "percent_covered_display": "100", "missing_lines": 0, "excluded_lines": 0, "percent_statements_covered": 100.0, "percent_statements_covered_display": "100"}, "missing_lines": [], "excluded_lines": [], "start_line": 1}}}, "packages/core/src/harness/core/_openai.py": {"executed_lines": [16, 18, 19, 20, 22, 23, 26, 28, 29, 30, 31, 32, 43, 44, 45, 46, 47, 50, 58, 59, 61, 62, 63, 65, 66, 67, 68, 69, 70, 71, 74, 84, 85, 87, 88, 89, 90, 91, 92, 93, 94, 95, 96, 97, 102, 103, 104, 105, 106, 107, 108, 109, 111, 112, 113, 114, 115, 118, 123, 124, 126, 135], "summary": {"covered_lines": 62, "num_statements": 66, "percent_covered": 93.93939393939394, "percent_covered_display": "94", "missing_lines": 4, "excluded_lines": 0, "percent_statements_covered": 93.93939393939394, "percent_statements_covered_display": "94"}, "missing_lines": [98, 100, 116, 117], "excluded_lines": [], "functions": {"message_to_wire": {"executed_lines": [28, 29, 30, 31, 32, 43, 44, 45, 46, 47], "summary": {"covered_lines": 10, "num_statements": 10, "percent_covered": 100.0, "percent_covered_display": "100", "missing_lines": 0, "excluded_lines": 0, "percent_statements_covered": 100.0, "percent_statements_covered_display": "100"}, "missing_lines": [], "excluded_lines": [], "start_line": 26}, "merge_tool_call_delta": {"executed_lines": [58, 59, 61, 62, 63, 65, 66, 67, 68, 69, 70, 71], "summary": {"covered_lines": 12, "num_statements": 12, "percent_covered": 100.0, "percent_covered_display": "100", "missing_lines": 0, "excluded_lines": 0, "percent_statements_covered": 100.0, "percent_statements_covered_display": "100"}, "missing_lines": [], "excluded_lines": [], "start_line": 50}, "parse_sse_stream": {"executed_lines": [84, 85, 87, 88, 89, 90, 91, 92, 93, 94, 95, 96, 97, 102, 103, 104, 105, 106, 107, 108, 109, 111, 112, 113, 114, 115, 118, 123, 124, 126], "summary": {"covered_lines": 30, "num_statements": 34, "percent_covered": 88.23529411764706, "percent_covered_display": "88", "missing_lines": 4, "excluded_lines": 0, "percent_statements_covered": 88.23529411764706, "percent_statements_covered_display": "88"}, "missing_lines": [98, 100, 116, 117], "excluded_lines": [], "start_line": 74}, "": {"executed_lines": [16, 18, 19, 20, 22, 23, 26, 50, 74, 135], "summary": {"covered_lines": 10, "num_statements": 10, "percent_covered": 100.0, "percent_covered_display": "100", "missing_lines": 0, "excluded_lines": 0, "percent_statements_covered": 100.0, "percent_statements_covered_display": "100"}, "missing_lines": [], "excluded_lines": [], "start_line": 1}}, "classes": {"": {"executed_lines": [16, 18, 19, 20, 22, 23, 26, 28, 29, 30, 31, 32, 43, 44, 45, 46, 47, 50, 58, 59, 61, 62, 63, 65, 66, 67, 68, 69, 70, 71, 74, 84, 85, 87, 88, 89, 90, 91, 92, 93, 94, 95, 96, 97, 102, 103, 104, 105, 106, 107, 108, 109, 111, 112, 113, 114, 115, 118, 123, 124, 126, 135], "summary": {"covered_lines": 62, "num_statements": 66, "percent_covered": 93.93939393939394, "percent_covered_display": "94", "missing_lines": 4, "excluded_lines": 0, "percent_statements_covered": 93.93939393939394, "percent_statements_covered_display": "94"}, "missing_lines": [98, 100, 116, 117], "excluded_lines": [], "start_line": 1}}}, "packages/core/src/harness/core/activity.py": {"executed_lines": [16, 18, 19, 20, 22, 25, 26, 29, 30, 33, 41, 43, 44, 45, 46, 47, 48, 51, 52, 55, 59, 76, 77, 78, 79, 80, 81, 84, 85, 88, 89, 90, 91, 92, 93, 94, 97, 98, 101, 102, 105], "summary": {"covered_lines": 41, "num_statements": 41, "percent_covered": 100.0, "percent_covered_display": "100", "missing_lines": 0, "excluded_lines": 6, "percent_statements_covered": 100.0, "percent_statements_covered_display": "100"}, "missing_lines": [], "excluded_lines": [57, 58, 68, 69, 70, 71], "functions": {"_utcnow": {"executed_lines": [26], "summary": {"covered_lines": 1, "num_statements": 1, "percent_covered": 100.0, "percent_covered_display": "100", "missing_lines": 0, "excluded_lines": 0, "percent_statements_covered": 100.0, "percent_statements_covered_display": "100"}, "missing_lines": [], "excluded_lines": [], "start_line": 25}, "_new_id": {"executed_lines": [30], "summary": {"covered_lines": 1, "num_statements": 1, "percent_covered": 100.0, "percent_covered_display": "100", "missing_lines": 0, "excluded_lines": 0, "percent_statements_covered": 100.0, "percent_statements_covered_display": "100"}, "missing_lines": [], "excluded_lines": [], "start_line": 29}, "ActivityStore.append_activity": {"executed_lines": [], "summary": {"covered_lines": 0, "num_statements": 0, "percent_covered": 100.0, "percent_covered_display": "100", "missing_lines": 0, "excluded_lines": 1, "percent_statements_covered": 100.0, "percent_statements_covered_display": "100"}, "missing_lines": [], "excluded_lines": [57], "start_line": 55}, "ActivityStore.list_activity": {"executed_lines": [], "summary": {"covered_lines": 0, "num_statements": 0, "percent_covered": 100.0, "percent_covered_display": "100", "missing_lines": 0, "excluded_lines": 1, "percent_statements_covered": 100.0, "percent_statements_covered_display": "100"}, "missing_lines": [], "excluded_lines": [68], "start_line": 59}, "": {"executed_lines": [16, 18, 19, 20, 22, 25, 29, 33, 41, 43, 44, 45, 46, 47, 48, 51, 52, 55, 59, 76, 77, 78, 79, 80, 81, 84, 85, 88, 89, 90, 91, 92, 93, 94, 97, 98, 101, 102, 105], "summary": {"covered_lines": 39, "num_statements": 39, "percent_covered": 100.0, "percent_covered_display": "100", "missing_lines": 0, "excluded_lines": 4, "percent_statements_covered": 100.0, "percent_statements_covered_display": "100"}, "missing_lines": [], "excluded_lines": [58, 69, 70, 71], "start_line": 1}}, "classes": {"ActivityEvent": {"executed_lines": [], "summary": {"covered_lines": 0, "num_statements": 0, "percent_covered": 100.0, "percent_covered_display": "100", "missing_lines": 0, "excluded_lines": 0, "percent_statements_covered": 100.0, "percent_statements_covered_display": "100"}, "missing_lines": [], "excluded_lines": [], "start_line": 33}, "ActivityStore": {"executed_lines": [], "summary": {"covered_lines": 0, "num_statements": 0, "percent_covered": 100.0, "percent_covered_display": "100", "missing_lines": 0, "excluded_lines": 2, "percent_statements_covered": 100.0, "percent_statements_covered_display": "100"}, "missing_lines": [], "excluded_lines": [57, 68], "start_line": 52}, "": {"executed_lines": [16, 18, 19, 20, 22, 25, 26, 29, 30, 33, 41, 43, 44, 45, 46, 47, 48, 51, 52, 55, 59, 76, 77, 78, 79, 80, 81, 84, 85, 88, 89, 90, 91, 92, 93, 94, 97, 98, 101, 102, 105], "summary": {"covered_lines": 41, "num_statements": 41, "percent_covered": 100.0, "percent_covered_display": "100", "missing_lines": 0, "excluded_lines": 4, "percent_statements_covered": 100.0, "percent_statements_covered_display": "100"}, "missing_lines": [], "excluded_lines": [58, 69, 70, 71], "start_line": 1}}}, "packages/core/src/harness/core/adapter.py": {"executed_lines": [7, 9, 10, 12, 13, 16, 17, 25, 26, 28, 56, 60, 68], "summary": {"covered_lines": 13, "num_statements": 13, "percent_covered": 100.0, "percent_covered_display": "100", "missing_lines": 0, "excluded_lines": 7, "percent_statements_covered": 100.0, "percent_statements_covered_display": "100"}, "missing_lines": [], "excluded_lines": [54, 55, 58, 59, 65, 66, 67], "functions": {"Adapter.stream": {"executed_lines": [], "summary": {"covered_lines": 0, "num_statements": 0, "percent_covered": 100.0, "percent_covered_display": "100", "missing_lines": 0, "excluded_lines": 1, "percent_statements_covered": 100.0, "percent_statements_covered_display": "100"}, "missing_lines": [], "excluded_lines": [54], "start_line": 28}, "Adapter.capabilities": {"executed_lines": [], "summary": {"covered_lines": 0, "num_statements": 0, "percent_covered": 100.0, "percent_covered_display": "100", "missing_lines": 0, "excluded_lines": 1, "percent_statements_covered": 100.0, "percent_statements_covered_display": "100"}, "missing_lines": [], "excluded_lines": [58], "start_line": 56}, "Adapter.cancel": {"executed_lines": [], "summary": {"covered_lines": 0, "num_statements": 0, "percent_covered": 100.0, "percent_covered_display": "100", "missing_lines": 0, "excluded_lines": 1, "percent_statements_covered": 100.0, "percent_statements_covered_display": "100"}, "missing_lines": [], "excluded_lines": [65], "start_line": 60}, "": {"executed_lines": [7, 9, 10, 12, 13, 16, 17, 25, 26, 28, 56, 60, 68], "summary": {"covered_lines": 13, "num_statements": 13, "percent_covered": 100.0, "percent_covered_display": "100", "missing_lines": 0, "excluded_lines": 4, "percent_statements_covered": 100.0, "percent_statements_covered_display": "100"}, "missing_lines": [], "excluded_lines": [55, 59, 66, 67], "start_line": 1}}, "classes": {"Adapter": {"executed_lines": [], "summary": {"covered_lines": 0, "num_statements": 0, "percent_covered": 100.0, "percent_covered_display": "100", "missing_lines": 0, "excluded_lines": 3, "percent_statements_covered": 100.0, "percent_statements_covered_display": "100"}, "missing_lines": [], "excluded_lines": [54, 58, 65], "start_line": 17}, "": {"executed_lines": [7, 9, 10, 12, 13, 16, 17, 25, 26, 28, 56, 60, 68], "summary": {"covered_lines": 13, "num_statements": 13, "percent_covered": 100.0, "percent_covered_display": "100", "missing_lines": 0, "excluded_lines": 4, "percent_statements_covered": 100.0, "percent_statements_covered_display": "100"}, "missing_lines": [], "excluded_lines": [55, 59, 66, 67], "start_line": 1}}}, "packages/core/src/harness/core/approval.py": {"executed_lines": [19, 21, 22, 23, 25, 27, 29, 30, 34, 35, 38, 39, 42, 51, 53, 54, 55, 56, 57, 58, 59, 60, 61, 62, 63, 66, 67, 70, 74, 78, 89, 100, 104, 110], "summary": {"covered_lines": 34, "num_statements": 34, "percent_covered": 100.0, "percent_covered_display": "100", "missing_lines": 0, "excluded_lines": 13, "percent_statements_covered": 100.0, "percent_statements_covered_display": "100"}, "missing_lines": [], "excluded_lines": [72, 73, 76, 77, 87, 88, 98, 99, 102, 103, 107, 108, 109], "functions": {"_utcnow": {"executed_lines": [35], "summary": {"covered_lines": 1, "num_statements": 1, "percent_covered": 100.0, "percent_covered_display": "100", "missing_lines": 0, "excluded_lines": 0, "percent_statements_covered": 100.0, "percent_statements_covered_display": "100"}, "missing_lines": [], "excluded_lines": [], "start_line": 34}, "_new_id": {"executed_lines": [39], "summary": {"covered_lines": 1, "num_statements": 1, "percent_covered": 100.0, "percent_covered_display": "100", "missing_lines": 0, "excluded_lines": 0, "percent_statements_covered": 100.0, "percent_statements_covered_display": "100"}, "missing_lines": [], "excluded_lines": [], "start_line": 38}, "ApprovalStore.create_approval": {"executed_lines": [], "summary": {"covered_lines": 0, "num_statements": 0, "percent_covered": 100.0, "percent_covered_display": "100", "missing_lines": 0, "excluded_lines": 1, "percent_statements_covered": 100.0, "percent_statements_covered_display": "100"}, "missing_lines": [], "excluded_lines": [72], "start_line": 70}, "ApprovalStore.get_approval": {"executed_lines": [], "summary": {"covered_lines": 0, "num_statements": 0, "percent_covered": 100.0, "percent_covered_display": "100", "missing_lines": 0, "excluded_lines": 1, "percent_statements_covered": 100.0, "percent_statements_covered_display": "100"}, "missing_lines": [], "excluded_lines": [76], "start_line": 74}, "ApprovalStore.list_approvals": {"executed_lines": [], "summary": {"covered_lines": 0, "num_statements": 0, "percent_covered": 100.0, "percent_covered_display": "100", "missing_lines": 0, "excluded_lines": 1, "percent_statements_covered": 100.0, "percent_statements_covered_display": "100"}, "missing_lines": [], "excluded_lines": [87], "start_line": 78}, "ApprovalStore.resolve_approval": {"executed_lines": [], "summary": {"covered_lines": 0, "num_statements": 0, "percent_covered": 100.0, "percent_covered_display": "100", "missing_lines": 0, "excluded_lines": 1, "percent_statements_covered": 100.0, "percent_statements_covered_display": "100"}, "missing_lines": [], "excluded_lines": [98], "start_line": 89}, "ApprovalStore.mark_replayed": {"executed_lines": [], "summary": {"covered_lines": 0, "num_statements": 0, "percent_covered": 100.0, "percent_covered_display": "100", "missing_lines": 0, "excluded_lines": 1, "percent_statements_covered": 100.0, "percent_statements_covered_display": "100"}, "missing_lines": [], "excluded_lines": [102], "start_line": 100}, "ApprovalStore.list_unreplayed_granted": {"executed_lines": [], "summary": {"covered_lines": 0, "num_statements": 0, "percent_covered": 100.0, "percent_covered_display": "100", "missing_lines": 0, "excluded_lines": 1, "percent_statements_covered": 100.0, "percent_statements_covered_display": "100"}, "missing_lines": [], "excluded_lines": [107], "start_line": 104}, "": {"executed_lines": [19, 21, 22, 23, 25, 27, 29, 30, 34, 38, 42, 51, 53, 54, 55, 56, 57, 58, 59, 60, 61, 62, 63, 66, 67, 70, 74, 78, 89, 100, 104, 110], "summary": {"covered_lines": 32, "num_statements": 32, "percent_covered": 100.0, "percent_covered_display": "100", "missing_lines": 0, "excluded_lines": 7, "percent_statements_covered": 100.0, "percent_statements_covered_display": "100"}, "missing_lines": [], "excluded_lines": [73, 77, 88, 99, 103, 108, 109], "start_line": 1}}, "classes": {"PendingApproval": {"executed_lines": [], "summary": {"covered_lines": 0, "num_statements": 0, "percent_covered": 100.0, "percent_covered_display": "100", "missing_lines": 0, "excluded_lines": 0, "percent_statements_covered": 100.0, "percent_statements_covered_display": "100"}, "missing_lines": [], "excluded_lines": [], "start_line": 42}, "ApprovalStore": {"executed_lines": [], "summary": {"covered_lines": 0, "num_statements": 0, "percent_covered": 100.0, "percent_covered_display": "100", "missing_lines": 0, "excluded_lines": 6, "percent_statements_covered": 100.0, "percent_statements_covered_display": "100"}, "missing_lines": [], "excluded_lines": [72, 76, 87, 98, 102, 107], "start_line": 67}, "": {"executed_lines": [19, 21, 22, 23, 25, 27, 29, 30, 34, 35, 38, 39, 42, 51, 53, 54, 55, 56, 57, 58, 59, 60, 61, 62, 63, 66, 67, 70, 74, 78, 89, 100, 104, 110], "summary": {"covered_lines": 34, "num_statements": 34, "percent_covered": 100.0, "percent_covered_display": "100", "missing_lines": 0, "excluded_lines": 7, "percent_statements_covered": 100.0, "percent_statements_covered_display": "100"}, "missing_lines": [], "excluded_lines": [73, 77, 88, 99, 103, 108, 109], "start_line": 1}}}, "packages/core/src/harness/core/budget.py": {"executed_lines": [20, 22, 23, 24, 26, 27, 29, 31, 34, 47, 49, 50, 51, 52, 53, 54, 62, 63, 65, 66, 67, 68, 71, 72, 75, 82, 83, 84, 85, 86, 87, 88, 89, 90, 91, 92, 93, 94, 95, 96, 97, 105, 122, 123, 124, 125, 126, 127, 128, 129, 132, 137, 138, 139, 140, 141, 143, 144, 145, 153, 164, 165, 166, 168, 169, 170, 171, 172, 176, 177, 178, 179, 180, 183, 188, 191, 192, 195], "summary": {"covered_lines": 78, "num_statements": 78, "percent_covered": 100.0, "percent_covered_display": "100", "missing_lines": 0, "excluded_lines": 2, "percent_statements_covered": 100.0, "percent_statements_covered_display": "100"}, "missing_lines": [], "excluded_lines": [161, 162], "functions": {"_encoder_for": {"executed_lines": [65, 66, 67, 68], "summary": {"covered_lines": 4, "num_statements": 4, "percent_covered": 100.0, "percent_covered_display": "100", "missing_lines": 0, "excluded_lines": 0, "percent_statements_covered": 100.0, "percent_statements_covered_display": "100"}, "missing_lines": [], "excluded_lines": [], "start_line": 63}, "count_tokens": {"executed_lines": [82, 83, 84, 85, 86, 87, 88, 89, 90, 91, 92, 93, 94, 95, 96, 97], "summary": {"covered_lines": 16, "num_statements": 16, "percent_covered": 100.0, "percent_covered_display": "100", "missing_lines": 0, "excluded_lines": 0, "percent_statements_covered": 100.0, "percent_statements_covered_display": "100"}, "missing_lines": [], "excluded_lines": [], "start_line": 75}, "_atomic_blocks": {"executed_lines": [122, 123, 124, 125, 126, 127, 128, 129, 132, 137, 138, 139, 140, 141, 143, 144, 145], "summary": {"covered_lines": 17, "num_statements": 17, "percent_covered": 100.0, "percent_covered_display": "100", "missing_lines": 0, "excluded_lines": 0, "percent_statements_covered": 100.0, "percent_statements_covered_display": "100"}, "missing_lines": [], "excluded_lines": [], "start_line": 105}, "prune": {"executed_lines": [164, 165, 166, 168, 169, 170, 171, 172, 176, 177, 178, 179, 180, 183, 188], "summary": {"covered_lines": 15, "num_statements": 15, "percent_covered": 100.0, "percent_covered_display": "100", "missing_lines": 0, "excluded_lines": 2, "percent_statements_covered": 100.0, "percent_statements_covered_display": "100"}, "missing_lines": [], "excluded_lines": [161, 162], "start_line": 153}, "_flatten": {"executed_lines": [192], "summary": {"covered_lines": 1, "num_statements": 1, "percent_covered": 100.0, "percent_covered_display": "100", "missing_lines": 0, "excluded_lines": 0, "percent_statements_covered": 100.0, "percent_statements_covered_display": "100"}, "missing_lines": [], "excluded_lines": [], "start_line": 191}, "": {"executed_lines": [20, 22, 23, 24, 26, 27, 29, 31, 34, 47, 49, 50, 51, 52, 53, 54, 62, 63, 71, 72, 75, 105, 153, 191, 195], "summary": {"covered_lines": 25, "num_statements": 25, "percent_covered": 100.0, "percent_covered_display": "100", "missing_lines": 0, "excluded_lines": 0, "percent_statements_covered": 100.0, "percent_statements_covered_display": "100"}, "missing_lines": [], "excluded_lines": [], "start_line": 1}}, "classes": {"ContextBudget": {"executed_lines": [], "summary": {"covered_lines": 0, "num_statements": 0, "percent_covered": 100.0, "percent_covered_display": "100", "missing_lines": 0, "excluded_lines": 0, "percent_statements_covered": 100.0, "percent_statements_covered_display": "100"}, "missing_lines": [], "excluded_lines": [], "start_line": 34}, "": {"executed_lines": [20, 22, 23, 24, 26, 27, 29, 31, 34, 47, 49, 50, 51, 52, 53, 54, 62, 63, 65, 66, 67, 68, 71, 72, 75, 82, 83, 84, 85, 86, 87, 88, 89, 90, 91, 92, 93, 94, 95, 96, 97, 105, 122, 123, 124, 125, 126, 127, 128, 129, 132, 137, 138, 139, 140, 141, 143, 144, 145, 153, 164, 165, 166, 168, 169, 170, 171, 172, 176, 177, 178, 179, 180, 183, 188, 191, 192, 195], "summary": {"covered_lines": 78, "num_statements": 78, "percent_covered": 100.0, "percent_covered_display": "100", "missing_lines": 0, "excluded_lines": 2, "percent_statements_covered": 100.0, "percent_statements_covered_display": "100"}, "missing_lines": [], "excluded_lines": [161, 162], "start_line": 1}}}, "packages/core/src/harness/core/errors.py": {"executed_lines": [7, 10, 17, 21, 25, 28, 29, 30, 33, 37, 44, 48, 55, 59, 63], "summary": {"covered_lines": 15, "num_statements": 15, "percent_covered": 100.0, "percent_covered_display": "100", "missing_lines": 0, "excluded_lines": 0, "percent_statements_covered": 100.0, "percent_statements_covered_display": "100"}, "missing_lines": [], "excluded_lines": [], "functions": {"RateLimitError.__init__": {"executed_lines": [29, 30], "summary": {"covered_lines": 2, "num_statements": 2, "percent_covered": 100.0, "percent_covered_display": "100", "missing_lines": 0, "excluded_lines": 0, "percent_statements_covered": 100.0, "percent_statements_covered_display": "100"}, "missing_lines": [], "excluded_lines": [], "start_line": 28}, "": {"executed_lines": [7, 10, 17, 21, 25, 28, 33, 37, 44, 48, 55, 59, 63], "summary": {"covered_lines": 13, "num_statements": 13, "percent_covered": 100.0, "percent_covered_display": "100", "missing_lines": 0, "excluded_lines": 0, "percent_statements_covered": 100.0, "percent_statements_covered_display": "100"}, "missing_lines": [], "excluded_lines": [], "start_line": 1}}, "classes": {"HarnessError": {"executed_lines": [], "summary": {"covered_lines": 0, "num_statements": 0, "percent_covered": 100.0, "percent_covered_display": "100", "missing_lines": 0, "excluded_lines": 0, "percent_statements_covered": 100.0, "percent_statements_covered_display": "100"}, "missing_lines": [], "excluded_lines": [], "start_line": 10}, "NetworkError": {"executed_lines": [], "summary": {"covered_lines": 0, "num_statements": 0, "percent_covered": 100.0, "percent_covered_display": "100", "missing_lines": 0, "excluded_lines": 0, "percent_statements_covered": 100.0, "percent_statements_covered_display": "100"}, "missing_lines": [], "excluded_lines": [], "start_line": 17}, "TimeoutError": {"executed_lines": [], "summary": {"covered_lines": 0, "num_statements": 0, "percent_covered": 100.0, "percent_covered_display": "100", "missing_lines": 0, "excluded_lines": 0, "percent_statements_covered": 100.0, "percent_statements_covered_display": "100"}, "missing_lines": [], "excluded_lines": [], "start_line": 21}, "RateLimitError": {"executed_lines": [29, 30], "summary": {"covered_lines": 2, "num_statements": 2, "percent_covered": 100.0, "percent_covered_display": "100", "missing_lines": 0, "excluded_lines": 0, "percent_statements_covered": 100.0, "percent_statements_covered_display": "100"}, "missing_lines": [], "excluded_lines": [], "start_line": 25}, "ModelUnavailableError": {"executed_lines": [], "summary": {"covered_lines": 0, "num_statements": 0, "percent_covered": 100.0, "percent_covered_display": "100", "missing_lines": 0, "excluded_lines": 0, "percent_statements_covered": 100.0, "percent_statements_covered_display": "100"}, "missing_lines": [], "excluded_lines": [], "start_line": 33}, "InternalError": {"executed_lines": [], "summary": {"covered_lines": 0, "num_statements": 0, "percent_covered": 100.0, "percent_covered_display": "100", "missing_lines": 0, "excluded_lines": 0, "percent_statements_covered": 100.0, "percent_statements_covered_display": "100"}, "missing_lines": [], "excluded_lines": [], "start_line": 37}, "ConfigurationError": {"executed_lines": [], "summary": {"covered_lines": 0, "num_statements": 0, "percent_covered": 100.0, "percent_covered_display": "100", "missing_lines": 0, "excluded_lines": 0, "percent_statements_covered": 100.0, "percent_statements_covered_display": "100"}, "missing_lines": [], "excluded_lines": [], "start_line": 44}, "ApprovalDeniedError": {"executed_lines": [], "summary": {"covered_lines": 0, "num_statements": 0, "percent_covered": 100.0, "percent_covered_display": "100", "missing_lines": 0, "excluded_lines": 0, "percent_statements_covered": 100.0, "percent_statements_covered_display": "100"}, "missing_lines": [], "excluded_lines": [], "start_line": 48}, "ToolError": {"executed_lines": [], "summary": {"covered_lines": 0, "num_statements": 0, "percent_covered": 100.0, "percent_covered_display": "100", "missing_lines": 0, "excluded_lines": 0, "percent_statements_covered": 100.0, "percent_statements_covered_display": "100"}, "missing_lines": [], "excluded_lines": [], "start_line": 55}, "CancelledError": {"executed_lines": [], "summary": {"covered_lines": 0, "num_statements": 0, "percent_covered": 100.0, "percent_covered_display": "100", "missing_lines": 0, "excluded_lines": 0, "percent_statements_covered": 100.0, "percent_statements_covered_display": "100"}, "missing_lines": [], "excluded_lines": [], "start_line": 59}, "": {"executed_lines": [7, 10, 17, 21, 25, 28, 33, 37, 44, 48, 55, 59, 63], "summary": {"covered_lines": 13, "num_statements": 13, "percent_covered": 100.0, "percent_covered_display": "100", "missing_lines": 0, "excluded_lines": 0, "percent_statements_covered": 100.0, "percent_statements_covered_display": "100"}, "missing_lines": [], "excluded_lines": [], "start_line": 1}}}, "packages/core/src/harness/core/events.py": {"executed_lines": [11, 13, 15, 17, 20, 21, 24, 27, 28, 31, 34, 35, 38, 41, 42, 45, 48, 49, 50, 53, 56, 57, 60, 66, 67, 68, 71, 78, 79, 80, 81, 84, 91, 92, 95, 108], "summary": {"covered_lines": 36, "num_statements": 36, "percent_covered": 100.0, "percent_covered_display": "100", "missing_lines": 0, "excluded_lines": 0, "percent_statements_covered": 100.0, "percent_statements_covered_display": "100"}, "missing_lines": [], "excluded_lines": [], "functions": {"": {"executed_lines": [11, 13, 15, 17, 20, 21, 24, 27, 28, 31, 34, 35, 38, 41, 42, 45, 48, 49, 50, 53, 56, 57, 60, 66, 67, 68, 71, 78, 79, 80, 81, 84, 91, 92, 95, 108], "summary": {"covered_lines": 36, "num_statements": 36, "percent_covered": 100.0, "percent_covered_display": "100", "missing_lines": 0, "excluded_lines": 0, "percent_statements_covered": 100.0, "percent_statements_covered_display": "100"}, "missing_lines": [], "excluded_lines": [], "start_line": 1}}, "classes": {"_EventBase": {"executed_lines": [], "summary": {"covered_lines": 0, "num_statements": 0, "percent_covered": 100.0, "percent_covered_display": "100", "missing_lines": 0, "excluded_lines": 0, "percent_statements_covered": 100.0, "percent_statements_covered_display": "100"}, "missing_lines": [], "excluded_lines": [], "start_line": 20}, "TextDelta": {"executed_lines": [], "summary": {"covered_lines": 0, "num_statements": 0, "percent_covered": 100.0, "percent_covered_display": "100", "missing_lines": 0, "excluded_lines": 0, "percent_statements_covered": 100.0, "percent_statements_covered_display": "100"}, "missing_lines": [], "excluded_lines": [], "start_line": 24}, "ToolCallEvent": {"executed_lines": [], "summary": {"covered_lines": 0, "num_statements": 0, "percent_covered": 100.0, "percent_covered_display": "100", "missing_lines": 0, "excluded_lines": 0, "percent_statements_covered": 100.0, "percent_statements_covered_display": "100"}, "missing_lines": [], "excluded_lines": [], "start_line": 31}, "ToolResultEvent": {"executed_lines": [], "summary": {"covered_lines": 0, "num_statements": 0, "percent_covered": 100.0, "percent_covered_display": "100", "missing_lines": 0, "excluded_lines": 0, "percent_statements_covered": 100.0, "percent_statements_covered_display": "100"}, "missing_lines": [], "excluded_lines": [], "start_line": 38}, "StepStarted": {"executed_lines": [], "summary": {"covered_lines": 0, "num_statements": 0, "percent_covered": 100.0, "percent_covered_display": "100", "missing_lines": 0, "excluded_lines": 0, "percent_statements_covered": 100.0, "percent_statements_covered_display": "100"}, "missing_lines": [], "excluded_lines": [], "start_line": 45}, "StepCompleted": {"executed_lines": [], "summary": {"covered_lines": 0, "num_statements": 0, "percent_covered": 100.0, "percent_covered_display": "100", "missing_lines": 0, "excluded_lines": 0, "percent_statements_covered": 100.0, "percent_statements_covered_display": "100"}, "missing_lines": [], "excluded_lines": [], "start_line": 53}, "Done": {"executed_lines": [], "summary": {"covered_lines": 0, "num_statements": 0, "percent_covered": 100.0, "percent_covered_display": "100", "missing_lines": 0, "excluded_lines": 0, "percent_statements_covered": 100.0, "percent_statements_covered_display": "100"}, "missing_lines": [], "excluded_lines": [], "start_line": 60}, "ErrorEvent": {"executed_lines": [], "summary": {"covered_lines": 0, "num_statements": 0, "percent_covered": 100.0, "percent_covered_display": "100", "missing_lines": 0, "excluded_lines": 0, "percent_statements_covered": 100.0, "percent_statements_covered_display": "100"}, "missing_lines": [], "excluded_lines": [], "start_line": 71}, "Verification": {"executed_lines": [], "summary": {"covered_lines": 0, "num_statements": 0, "percent_covered": 100.0, "percent_covered_display": "100", "missing_lines": 0, "excluded_lines": 0, "percent_statements_covered": 100.0, "percent_statements_covered_display": "100"}, "missing_lines": [], "excluded_lines": [], "start_line": 84}, "": {"executed_lines": [11, 13, 15, 17, 20, 21, 24, 27, 28, 31, 34, 35, 38, 41, 42, 45, 48, 49, 50, 53, 56, 57, 60, 66, 67, 68, 71, 78, 79, 80, 81, 84, 91, 92, 95, 108], "summary": {"covered_lines": 36, "num_statements": 36, "percent_covered": 100.0, "percent_covered_display":
[...]
excluded_lines": [36], "start_line": 34}, "TaskStore.get_task_by_ref": {"executed_lines": [], "summary": {"covered_lines": 0, "num_statements": 0, "percent_covered": 100.0, "percent_covered_display": "100", "missing_lines": 0, "excluded_lines": 1, "percent_statements_covered": 100.0, "percent_statements_covered_display": "100"}, "missing_lines": [], "excluded_lines": [40], "start_line": 38}, "TaskStore.list_tasks": {"executed_lines": [], "summary": {"covered_lines": 0, "num_statements": 0, "percent_covered": 100.0, "percent_covered_display": "100", "missing_lines": 0, "excluded_lines": 1, "percent_statements_covered": 100.0, "percent_statements_covered_display": "100"}, "missing_lines": [], "excluded_lines": [50], "start_line": 42}, "TaskStore.update_task": {"executed_lines": [], "summary": {"covered_lines": 0, "num_statements": 0, "percent_covered": 100.0, "percent_covered_display": "100", "missing_lines": 0, "excluded_lines": 1, "percent_statements_covered": 100.0, "percent_statements_covered_display": "100"}, "missing_lines": [], "excluded_lines": [54], "start_line": 52}, "TaskStore.delete_task": {"executed_lines": [], "summary": {"covered_lines": 0, "num_statements": 0, "percent_covered": 100.0, "percent_covered_display": "100", "missing_lines": 0, "excluded_lines": 1, "percent_statements_covered": 100.0, "percent_statements_covered_display": "100"}, "missing_lines": [], "excluded_lines": [58], "start_line": 56}, "": {"executed_lines": [13, 15, 17, 20, 21, 24, 34, 38, 42, 52, 56, 61], "summary": {"covered_lines": 12, "num_statements": 12, "percent_covered": 100.0, "percent_covered_display": "100", "missing_lines": 0, "excluded_lines": 7, "percent_statements_covered": 100.0, "percent_statements_covered_display": "100"}, "missing_lines": [], "excluded_lines": [33, 37, 41, 51, 55, 59, 60], "start_line": 1}}, "classes": {"TaskStore": {"executed_lines": [], "summary": {"covered_lines": 0, "num_statements": 0, "percent_covered": 100.0, "percent_covered_display": "100", "missing_lines": 0, "excluded_lines": 6, "percent_statements_covered": 100.0, "percent_statements_covered_display": "100"}, "missing_lines": [], "excluded_lines": [32, 36, 40, 50, 54, 58], "start_line": 21}, "": {"executed_lines": [13, 15, 17, 20, 21, 24, 34, 38, 42, 52, 56, 61], "summary": {"covered_lines": 12, "num_statements": 12, "percent_covered": 100.0, "percent_covered_display": "100", "missing_lines": 0, "excluded_lines": 7, "percent_statements_covered": 100.0, "percent_statements_covered_display": "100"}, "missing_lines": [], "excluded_lines": [33, 37, 41, 51, 55, 59, 60], "start_line": 1}}}, "packages/tools-fs/src/harness/tools/fs/__init__.py": {"executed_lines": [14, 16, 17, 18, 19, 21, 23, 31, 32, 35, 37, 38, 39, 40, 41, 42, 43, 46, 57, 66, 79, 90, 107, 110, 111, 115, 118, 120, 121, 122, 123, 125, 126, 127, 128, 130, 131, 132, 138, 139, 140, 141, 143, 144, 145, 151, 152, 153, 154, 158, 175, 182, 183, 187, 190, 192, 193, 194, 195, 197, 198, 199, 200, 202, 204, 205, 211, 212, 213, 219, 220, 221, 222, 226, 227, 244, 252, 253, 258, 259, 261, 262, 263, 264, 266, 267, 268, 269, 270, 272, 274, 277, 278, 279, 284, 285, 286, 289, 290, 294, 295, 296, 301, 302, 308, 309, 310, 314, 332, 335, 336, 340, 341, 343, 344, 345, 347, 348, 349, 352, 353, 354, 359, 361, 362, 364, 365, 369, 370, 386, 394, 395, 399, 400, 402, 403, 404, 405, 407, 408, 409, 413, 414, 415, 416, 418, 419, 420, 422, 423, 426, 427, 428, 429, 430, 432, 433, 437, 438, 445, 446, 447, 459], "summary": {"covered_lines": 163, "num_statements": 186, "percent_covered": 87.63440860215054, "percent_covered_display": "88", "missing_lines": 23, "excluded_lines": 0, "percent_statements_covered": 87.63440860215054, "percent_statements_covered_display": "88"}, "missing_lines": [155, 156, 201, 203, 223, 224, 271, 273, 275, 287, 291, 292, 311, 312, 350, 360, 366, 367, 410, 424, 425, 434, 435], "excluded_lines": [], "functions": {"_error": {"executed_lines": [32], "summary": {"covered_lines": 1, "num_statements": 1, "percent_covered": 100.0, "percent_covered_display": "100", "missing_lines": 0, "excluded_lines": 0, "percent_statements_covered": 100.0, "percent_statements_covered_display": "100"}, "missing_lines": [], "excluded_lines": [], "start_line": 31}, "_resolve_in_cwd": {"executed_lines": [37, 38, 39, 40, 41, 42, 43], "summary": {"covered_lines": 7, "num_statements": 7, "percent_covered": 100.0, "percent_covered_display": "100", "missing_lines": 0, "excluded_lines": 0, "percent_statements_covered": 100.0, "percent_statements_covered_display": "100"}, "missing_lines": [], "excluded_lines": [], "start_line": 35}, "ReadFileTool.__init__": {"executed_lines": [121, 122, 123], "summary": {"covered_lines": 3, "num_statements": 3, "percent_covered": 100.0, "percent_covered_display": "100", "missing_lines": 0, "excluded_lines": 0, "percent_statements_covered": 100.0, "percent_statements_covered_display": "100"}, "missing_lines": [], "excluded_lines": [], "start_line": 120}, "ReadFileTool.__call__": {"executed_lines": [126, 127, 128, 130, 131, 132, 138, 139, 140, 141, 143, 144, 145, 151, 152, 153, 154, 158], "summary": {"covered_lines": 18, "num_statements": 20, "percent_covered": 90.0, "percent_covered_display": "90", "missing_lines": 2, "excluded_lines": 0, "percent_statements_covered": 90.0, "percent_statements_covered_display": "90"}, "missing_lines": [155, 156], "excluded_lines": [], "start_line": 125}, "WriteFileTool.__init__": {"executed_lines": [193, 194, 195], "summary": {"covered_lines": 3, "num_statements": 3, "percent_covered": 100.0, "percent_covered_display": "100", "missing_lines": 0, "excluded_lines": 0, "percent_statements_covered": 100.0, "percent_statements_covered_display": "100"}, "missing_lines": [], "excluded_lines": [], "start_line": 192}, "WriteFileTool.__call__": {"executed_lines": [198, 199, 200, 202, 204, 205, 211, 212, 213, 219, 220, 221, 222, 226, 227], "summary": {"covered_lines": 15, "num_statements": 19, "percent_covered": 78.94736842105263, "percent_covered_display": "79", "missing_lines": 4, "excluded_lines": 0, "percent_statements_covered": 78.94736842105263, "percent_statements_covered_display": "79"}, "missing_lines": [201, 203, 223, 224], "excluded_lines": [], "start_line": 197}, "EditFileTool.__init__": {"executed_lines": [262, 263, 264], "summary": {"covered_lines": 3, "num_statements": 3, "percent_covered": 100.0, "percent_covered_display": "100", "missing_lines": 0, "excluded_lines": 0, "percent_statements_covered": 100.0, "percent_statements_covered_display": "100"}, "missing_lines": [], "excluded_lines": [], "start_line": 261}, "EditFileTool.__call__": {"executed_lines": [267, 268, 269, 270, 272, 274, 277, 278, 279, 284, 285, 286, 289, 290, 294, 295, 296, 301, 302, 308, 309, 310, 314], "summary": {"covered_lines": 23, "num_statements": 31, "percent_covered": 74.19354838709677, "percent_covered_display": "74", "missing_lines": 8, "excluded_lines": 0, "percent_statements_covered": 74.19354838709677, "percent_statements_covered_display": "74"}, "missing_lines": [271, 273, 275, 287, 291, 292, 311, 312], "excluded_lines": [], "start_line": 266}, "ListDirTool.__init__": {"executed_lines": [344, 345], "summary": {"covered_lines": 2, "num_statements": 2, "percent_covered": 100.0, "percent_covered_display": "100", "missing_lines": 0, "excluded_lines": 0, "percent_statements_covered": 100.0, "percent_statements_covered_display": "100"}, "missing_lines": [], "excluded_lines": [], "start_line": 343}, "ListDirTool.__call__": {"executed_lines": [348, 349, 352, 353, 354, 359, 361, 362, 364, 365, 369, 370], "summary": {"covered_lines": 12, "num_statements": 16, "percent_covered": 75.0, "percent_covered_display": "75", "missing_lines": 4, "excluded_lines": 0, "percent_statements_covered": 75.0, "percent_statements_covered_display": "75"}, "missing_lines": [350, 360, 366, 367], "excluded_lines": [], "start_line": 347}, "GlobTool.__init__": {"executed_lines": [403, 404, 405], "summary": {"covered_lines": 3, "num_statements": 3, "percent_covered": 100.0, "percent_covered_display": "100", "missing_lines": 0, "excluded_lines": 0, "percent_statements_covered": 100.0, "percent_statements_covered_display": "100"}, "missing_lines": [], "excluded_lines": [], "start_line": 402}, "GlobTool.__call__": {"executed_lines": [408, 409, 413, 414, 415, 416, 418, 432, 433, 437, 438, 445, 446, 447], "summary": {"covered_lines": 14, "num_statements": 17, "percent_covered": 82.3529411764706, "percent_covered_display": "82", "missing_lines": 3, "excluded_lines": 0, "percent_statements_covered": 82.3529411764706, "percent_statements_covered_display": "82"}, "missing_lines": [410, 434, 435], "excluded_lines": [], "start_line": 407}, "GlobTool.__call__._do_glob": {"executed_lines": [419, 420, 422, 423, 426, 427, 428, 429, 430], "summary": {"covered_lines": 9, "num_statements": 11, "percent_covered": 81.81818181818181, "percent_covered_display": "82", "missing_lines": 2, "excluded_lines": 0, "percent_statements_covered": 81.81818181818181, "percent_statements_covered_display": "82"}, "missing_lines": [424, 425], "excluded_lines": [], "start_line": 418}, "": {"executed_lines": [14, 16, 17, 18, 19, 21, 23, 31, 35, 46, 57, 66, 79, 90, 107, 110, 111, 115, 118, 120, 125, 175, 182, 183, 187, 190, 192, 197, 244, 252, 253, 258, 259, 261, 266, 332, 335, 336, 340, 341, 343, 347, 386, 394, 395, 399, 400, 402, 407, 459], "summary": {"covered_lines": 50, "num_statements": 50, "percent_covered": 100.0, "percent_covered_display": "100", "missing_lines": 0, "excluded_lines": 0, "percent_statements_covered": 100.0, "percent_statements_covered_display": "100"}, "missing_lines": [], "excluded_lines": [], "start_line": 1}}, "classes": {"ReadFileTool": {"executed_lines": [121, 122, 123, 126, 127, 128, 130, 131, 132, 138, 139, 140, 141, 143, 144, 145, 151, 152, 153, 154, 158], "summary": {"covered_lines": 21, "num_statements": 23, "percent_covered": 91.30434782608695, "percent_covered_display": "91", "missing_lines": 2, "excluded_lines": 0, "percent_statements_covered": 91.30434782608695, "percent_statements_covered_display": "91"}, "missing_lines": [155, 156], "excluded_lines": [], "start_line": 107}, "WriteFileTool": {"executed_lines": [193, 194, 195, 198, 199, 200, 202, 204, 205, 211, 212, 213, 219, 220, 221, 222, 226, 227], "summary": {"covered_lines": 18, "num_statements": 22, "percent_covered": 81.81818181818181, "percent_covered_display": "82", "missing_lines": 4, "excluded_lines": 0, "percent_statements_covered": 81.81818181818181, "percent_statements_covered_display": "82"}, "missing_lines": [201, 203, 223, 224], "excluded_lines": [], "start_line": 175}, "EditFileTool": {"executed_lines": [262, 263, 264, 267, 268, 269, 270, 272, 274, 277, 278, 279, 284, 285, 286, 289, 290, 294, 295, 296, 301, 302, 308, 309, 310, 314], "summary": {"covered_lines": 26, "num_statements": 34, "percent_covered": 76.47058823529412, "percent_covered_display": "76", "missing_lines": 8, "excluded_lines": 0, "percent_statements_covered": 76.47058823529412, "percent_statements_covered_display": "76"}, "missing_lines": [271, 273, 275, 287, 291, 292, 311, 312], "excluded_lines": [], "start_line": 244}, "ListDirTool": {"executed_lines": [344, 345, 348, 349, 352, 353, 354, 359, 361, 362, 364, 365, 369, 370], "summary": {"covered_lines": 14, "num_statements": 18, "percent_covered": 77.77777777777777, "percent_covered_display": "78", "missing_lines": 4, "excluded_lines": 0, "percent_statements_covered": 77.77777777777777, "percent_statements_covered_display": "78"}, "missing_lines": [350, 360, 366, 367], "excluded_lines": [], "start_line": 332}, "GlobTool": {"executed_lines": [403, 404, 405, 408, 409, 413, 414, 415, 416, 418, 419, 420, 422, 423, 426, 427, 428, 429, 430, 432, 433, 437, 438, 445, 446, 447], "summary": {"covered_lines": 26, "num_statements": 31, "percent_covered": 83.87096774193549, "percent_covered_display": "84", "missing_lines": 5, "excluded_lines": 0, "percent_statements_covered": 83.87096774193549, "percent_statements_covered_display": "84"}, "missing_lines": [410, 424, 425, 434, 435], "excluded_lines": [], "start_line": 386}, "": {"executed_lines": [14, 16, 17, 18, 19, 21, 23, 31, 32, 35, 37, 38, 39, 40, 41, 42, 43, 46, 57, 66, 79, 90, 107, 110, 111, 115, 118, 120, 125, 175, 182, 183, 187, 190, 192, 197, 244, 252, 253, 258, 259, 261, 266, 332, 335, 336, 340, 341, 343, 347, 386, 394, 395, 399, 400, 402, 407, 459], "summary": {"covered_lines": 58, "num_statements": 58, "percent_covered": 100.0, "percent_covered_display": "100", "missing_lines": 0, "excluded_lines": 0, "percent_statements_covered": 100.0, "percent_statements_covered_display": "100"}, "missing_lines": [], "excluded_lines": [], "start_line": 1}}}, "packages/tools-shell/src/harness/tools/shell/__init__.py": {"executed_lines": [12, 14, 15, 16, 17, 18, 20, 22, 25, 41, 42, 43, 44, 45, 48, 58, 59, 64, 66, 68, 76, 77, 78, 79, 80, 82, 83, 84, 85, 92, 93, 94, 97, 99, 100, 101, 102, 108, 109, 110, 111, 112, 114, 115, 116, 142, 143, 144, 145, 146, 148, 149, 150, 153, 154, 155, 158, 159, 160, 162, 179], "summary": {"covered_lines": 61, "num_statements": 67, "percent_covered": 91.04477611940298, "percent_covered_display": "91", "missing_lines": 6, "excluded_lines": 0, "percent_statements_covered": 91.04477611940298, "percent_statements_covered_display": "91"}, "missing_lines": [95, 96, 127, 128, 134, 135], "excluded_lines": [], "functions": {"_truncate": {"executed_lines": [42, 43, 44, 45], "summary": {"covered_lines": 4, "num_statements": 4, "percent_covered": 100.0, "percent_covered_display": "100", "missing_lines": 0, "excluded_lines": 0, "percent_statements_covered": 100.0, "percent_statements_covered_display": "100"}, "missing_lines": [], "excluded_lines": [], "start_line": 41}, "ShellTool.__init__": {"executed_lines": [76, 77, 78, 79, 80], "summary": {"covered_lines": 5, "num_statements": 5, "percent_covered": 100.0, "percent_covered_display": "100", "missing_lines": 0, "excluded_lines": 0, "percent_statements_covered": 100.0, "percent_statements_covered_display": "100"}, "missing_lines": [], "excluded_lines": [], "start_line": 68}, "ShellTool.__call__": {"executed_lines": [83, 84, 85, 92, 93, 94, 97, 99, 100, 101, 102, 108, 109, 110, 111, 112, 114, 115, 116, 142, 143, 144, 145, 146, 148, 149, 150, 153, 154, 155, 158, 159, 160, 162], "summary": {"covered_lines": 34, "num_statements": 40, "percent_covered": 85.0, "percent_covered_display": "85", "missing_lines": 6, "excluded_lines": 0, "percent_statements_covered": 85.0, "percent_statements_covered_display": "85"}, "missing_lines": [95, 96, 127, 128, 134, 135], "excluded_lines": [], "start_line": 82}, "": {"executed_lines": [12, 14, 15, 16, 17, 18, 20, 22, 25, 41, 48, 58, 59, 64, 66, 68, 82, 179], "summary": {"covered_lines": 18, "num_statements": 18, "percent_covered": 100.0, "percent_covered_display": "100", "missing_lines": 0, "excluded_lines": 0, "percent_statements_covered": 100.0, "percent_statements_covered_display": "100"}, "missing_lines": [], "excluded_lines": [], "start_line": 1}}, "classes": {"ShellTool": {"executed_lines": [76, 77, 78, 79, 80, 83, 84, 85, 92, 93, 94, 97, 99, 100, 101, 102, 108, 109, 110, 111, 112, 114, 115, 116, 142, 143, 144, 145, 146, 148, 149, 150, 153, 154, 155, 158, 159, 160, 162], "summary": {"covered_lines": 39, "num_statements": 45, "percent_covered": 86.66666666666667, "percent_covered_display": "87", "missing_lines": 6, "excluded_lines": 0, "percent_statements_covered": 86.66666666666667, "percent_statements_covered_display": "87"}, "missing_lines": [95, 96, 127, 128, 134, 135], "excluded_lines": [], "start_line": 48}, "": {"executed_lines": [12, 14, 15, 16, 17, 18, 20, 22, 25, 41, 42, 43, 44, 45, 48, 58, 59, 64, 66, 68, 82, 179], "summary": {"covered_lines": 22, "num_statements": 22, "percent_covered": 100.0, "percent_covered_display": "100", "missing_lines": 0, "excluded_lines": 0, "percent_statements_covered": 100.0, "percent_statements_covered_display": "100"}, "missing_lines": [], "excluded_lines": [], "start_line": 1}}}, "packages/tools-web/src/harness/tools/web/__init__.py": {"executed_lines": [16, 18, 19, 21, 23, 25, 28, 44, 53, 54, 55, 58, 59, 62, 65, 66, 71, 73, 75, 84, 85, 86, 87, 88, 89, 91, 92, 93, 96, 97, 98, 101, 102, 104, 105, 106, 109, 111, 112, 114, 115, 116, 117, 118, 124, 127, 128, 129, 135, 136, 137, 144, 145, 146, 152, 153, 166], "summary": {"covered_lines": 57, "num_statements": 65, "percent_covered": 87.6923076923077, "percent_covered_display": "88", "missing_lines": 8, "excluded_lines": 0, "percent_statements_covered": 87.6923076923077, "percent_statements_covered_display": "88"}, "missing_lines": [94, 107, 108, 119, 120, 121, 122, 125], "excluded_lines": [], "functions": {"_mime_allowed": {"executed_lines": [54, 55], "summary": {"covered_lines": 2, "num_statements": 2, "percent_covered": 100.0, "percent_covered_display": "100", "missing_lines": 0, "excluded_lines": 0, "percent_statements_covered": 100.0, "percent_statements_covered_display": "100"}, "missing_lines": [], "excluded_lines": [], "start_line": 53}, "_error": {"executed_lines": [59], "summary": {"covered_lines": 1, "num_statements": 1, "percent_covered": 100.0, "percent_covered_display": "100", "missing_lines": 0, "excluded_lines": 0, "percent_statements_covered": 100.0, "percent_statements_covered_display": "100"}, "missing_lines": [], "excluded_lines": [], "start_line": 58}, "FetchUrlTool.__init__": {"executed_lines": [84, 85, 86, 87, 88, 89], "summary": {"covered_lines": 6, "num_statements": 6, "percent_covered": 100.0, "percent_covered_display": "100", "missing_lines": 0, "excluded_lines": 0, "percent_statements_covered": 100.0, "percent_statements_covered_display": "100"}, "missing_lines": [], "excluded_lines": [], "start_line": 75}, "FetchUrlTool.__call__": {"executed_lines": [92, 93, 96, 97, 98, 101, 102, 104, 105, 106, 109, 111, 112, 114, 115, 116, 117, 118, 124, 127, 128, 129, 135, 136, 137, 144, 145, 146, 152, 153], "summary": {"covered_lines": 30, "num_statements": 38, "percent_covered": 78.94736842105263, "percent_covered_display": "79", "missing_lines": 8, "excluded_lines": 0, "percent_statements_covered": 78.94736842105263, "percent_statements_covered_display": "79"}, "missing_lines": [94, 107, 108, 119, 120, 121, 122, 125], "excluded_lines": [], "start_line": 91}, "": {"executed_lines": [16, 18, 19, 21, 23, 25, 28, 44, 53, 58, 62, 65, 66, 71, 73, 75, 91, 166], "summary": {"covered_lines": 18, "num_statements": 18, "percent_covered": 100.0, "percent_covered_display": "100", "missing_lines": 0, "excluded_lines": 0, "percent_statements_covered": 100.0, "percent_statements_covered_display": "100"}, "missing_lines": [], "excluded_lines": [], "start_line": 1}}, "classes": {"FetchUrlTool": {"executed_lines": [84, 85, 86, 87, 88, 89, 92, 93, 96, 97, 98, 101, 102, 104, 105, 106, 109, 111, 112, 114, 115, 116, 117, 118, 124, 127, 128, 129, 135, 136, 137, 144, 145, 146, 152, 153], "summary": {"covered_lines": 36, "num_statements": 44, "percent_covered": 81.81818181818181, "percent_covered_display": "82", "missing_lines": 8, "excluded_lines": 0, "percent_statements_covered": 81.81818181818181, "percent_statements_covered_display": "82"}, "missing_lines": [94, 107, 108, 119, 120, 121, 122, 125], "excluded_lines": [], "start_line": 62}, "": {"executed_lines": [16, 18, 19, 21, 23, 25, 28, 44, 53, 54, 55, 58, 59, 62, 65, 66, 71, 73, 75, 91, 166], "summary": {"covered_lines": 21, "num_statements": 21, "percent_covered": 100.0, "percent_covered_display": "100", "missing_lines": 0, "excluded_lines": 0, "percent_statements_covered": 100.0, "percent_statements_covered_display": "100"}, "missing_lines": [], "excluded_lines": [], "start_line": 1}}}}, "totals": {"covered_lines": 2432, "num_statements": 2656, "percent_covered": 91.56626506024097, "percent_covered_display": "92", "missing_lines": 224, "excluded_lines": 69, "percent_statements_covered": 91.56626506024097, "percent_statements_covered_display": "92"}}